2022-05-27 09:21:56.130  INFO 24932 --- [restartedMain] c.e.stock.StockApiApplication            : Starting StockApiApplication using Java 17.0.2 on DESKTOP-9SJV7N9 with PID 24932 (C:\Prosenjit\My_IT\STSworkspaces\workspace1\E-Stock-Market-Project\stock-api\target\classes started by PROSENJIT in C:\Prosenjit\My_IT\STSworkspaces\workspace1\E-Stock-Market-Project\stock-api)
2022-05-27 09:21:56.187  INFO 24932 --- [restartedMain] c.e.stock.StockApiApplication            : No active profile set, falling back to 1 default profile: "default"
2022-05-27 09:21:56.301  INFO 24932 --- [restartedMain] .e.DevToolsPropertyDefaultsPostProcessor : Devtools property defaults active! Set 'spring.devtools.add-properties' to 'false' to disable
2022-05-27 09:21:56.303  INFO 24932 --- [restartedMain] .e.DevToolsPropertyDefaultsPostProcessor : For additional web related logging consider setting the 'logging.level.web' property to 'DEBUG'
2022-05-27 09:21:59.835  INFO 24932 --- [restartedMain] .s.d.r.c.RepositoryConfigurationDelegate : Multiple Spring Data modules found, entering strict repository configuration mode!
2022-05-27 09:21:59.838  INFO 24932 --- [restartedMain] .s.d.r.c.RepositoryConfigurationDelegate : Bootstrapping Spring Data JPA repositories in DEFAULT mode.
2022-05-27 09:21:59.896  INFO 24932 --- [restartedMain] .RepositoryConfigurationExtensionSupport : Spring Data JPA - Could not safely identify store assignment for repository candidate interface com.estockmarket.stock.repository.StocksMongoDbRepository. If you want this repository to be a JPA repository, consider annotating your entities with one of these annotations: javax.persistence.Entity, javax.persistence.MappedSuperclass (preferred), or consider extending one of the following types with your repository: org.springframework.data.jpa.repository.JpaRepository.
2022-05-27 09:22:00.242  INFO 24932 --- [restartedMain] .s.d.r.c.RepositoryConfigurationDelegate : Finished Spring Data repository scanning in 388 ms. Found 1 JPA repository interfaces.
2022-05-27 09:22:00.252  INFO 24932 --- [restartedMain] .s.d.r.c.RepositoryConfigurationDelegate : Multiple Spring Data modules found, entering strict repository configuration mode!
2022-05-27 09:22:00.252  INFO 24932 --- [restartedMain] .s.d.r.c.RepositoryConfigurationDelegate : Bootstrapping Spring Data MongoDB repositories in DEFAULT mode.
2022-05-27 09:22:00.272  INFO 24932 --- [restartedMain] .RepositoryConfigurationExtensionSupport : Spring Data MongoDB - Could not safely identify store assignment for repository candidate interface com.estockmarket.stock.repository.StocksRepository. If you want this repository to be a MongoDB repository, consider annotating your entities with one of these annotations: org.springframework.data.mongodb.core.mapping.Document (preferred), or consider extending one of the following types with your repository: org.springframework.data.mongodb.repository.MongoRepository.
2022-05-27 09:22:02.297  INFO 24932 --- [restartedMain] .s.d.r.c.RepositoryConfigurationDelegate : Finished Spring Data repository scanning in 2044 ms. Found 1 MongoDB repository interfaces.
2022-05-27 09:22:03.038  INFO 24932 --- [restartedMain] o.s.cloud.context.scope.GenericScope     : BeanFactory id=ab701ec1-ad19-3efc-b241-f3a57ac6bbce
2022-05-27 09:22:03.944  INFO 24932 --- [restartedMain] o.s.b.w.embedded.tomcat.TomcatWebServer  : Tomcat initialized with port(s): 0 (http)
2022-05-27 09:22:03.955  INFO 24932 --- [restartedMain] o.apache.catalina.core.StandardService   : Starting service [Tomcat]
2022-05-27 09:22:03.956  INFO 24932 --- [restartedMain] org.apache.catalina.core.StandardEngine  : Starting Servlet engine: [Apache Tomcat/9.0.62]
2022-05-27 09:22:04.127  INFO 24932 --- [restartedMain] o.a.c.c.C.[.[.[/api/v1.0/market]         : Initializing Spring embedded WebApplicationContext
2022-05-27 09:22:04.129  INFO 24932 --- [restartedMain] w.s.c.ServletWebServerApplicationContext : Root WebApplicationContext: initialization completed in 7824 ms
2022-05-27 09:22:05.477  INFO 24932 --- [restartedMain] o.hibernate.jpa.internal.util.LogHelper  : HHH000204: Processing PersistenceUnitInfo [name: default]
2022-05-27 09:22:05.732  INFO 24932 --- [restartedMain] org.hibernate.Version                    : HHH000412: Hibernate ORM core version 5.6.8.Final
2022-05-27 09:22:06.445  INFO 24932 --- [restartedMain] o.hibernate.annotations.common.Version   : HCANN000001: Hibernate Commons Annotations {5.1.2.Final}
2022-05-27 09:22:06.769  INFO 24932 --- [restartedMain] com.zaxxer.hikari.HikariDataSource       : HikariPool-1 - Starting...
2022-05-27 09:22:07.334  INFO 24932 --- [restartedMain] com.zaxxer.hikari.HikariDataSource       : HikariPool-1 - Start completed.
2022-05-27 09:22:07.367  INFO 24932 --- [restartedMain] org.hibernate.dialect.Dialect            : HHH000400: Using dialect: org.hibernate.dialect.MySQL5Dialect
2022-05-27 09:22:08.711  INFO 24932 --- [restartedMain] o.h.e.t.j.p.i.JtaPlatformInitiator       : HHH000490: Using JtaPlatform implementation: [org.hibernate.engine.transaction.jta.platform.internal.NoJtaPlatform]
2022-05-27 09:22:08.723  INFO 24932 --- [restartedMain] j.LocalContainerEntityManagerFactoryBean : Initialized JPA EntityManagerFactory for persistence unit 'default'
2022-05-27 09:22:09.046  WARN 24932 --- [restartedMain] JpaBaseConfiguration$JpaWebConfiguration : spring.jpa.open-in-view is enabled by default. Therefore, database queries may be performed during view rendering. Explicitly configure spring.jpa.open-in-view to disable this warning
2022-05-27 09:22:09.356  WARN 24932 --- [restartedMain] o.s.b.d.a.OptionalLiveReloadServer       : Unable to start LiveReload server
2022-05-27 09:22:09.891  INFO 24932 --- [restartedMain] org.mongodb.driver.cluster               : Cluster created with settings {hosts=[127.0.0.1:27017], srvHost=cluster0.n8sww.mongodb.net, mode=MULTIPLE, requiredClusterType=REPLICA_SET, serverSelectionTimeout='30000 ms', requiredReplicaSetName='atlas-2zdg0p-shard-0'}
2022-05-27 09:22:09.958  INFO 24932 --- [cluster-ClusterId{value='62904ae9baaf1213ede4e261', description='null'}-srv-cluster0.n8sww.mongodb.net] org.mongodb.driver.cluster               : Adding discovered server cluster0-shard-00-02.n8sww.mongodb.net:27017 to client view of cluster
2022-05-27 09:22:10.010  WARN 24932 --- [restartedMain] o.s.data.convert.CustomConversions       : Registering converter from class java.time.LocalDateTime to class org.joda.time.LocalDateTime as reading converter although it doesn't convert from a store-supported type! You might want to check your annotation setup at the converter implementation.
2022-05-27 09:22:10.016  INFO 24932 --- [cluster-ClusterId{value='62904ae9baaf1213ede4e261', description='null'}-srv-cluster0.n8sww.mongodb.net] org.mongodb.driver.cluster               : Adding discovered server cluster0-shard-00-01.n8sww.mongodb.net:27017 to client view of cluster
2022-05-27 09:22:10.046  INFO 24932 --- [cluster-ClusterId{value='62904ae9baaf1213ede4e261', description='null'}-srv-cluster0.n8sww.mongodb.net] org.mongodb.driver.cluster               : Adding discovered server cluster0-shard-00-00.n8sww.mongodb.net:27017 to client view of cluster
2022-05-27 09:22:10.115  WARN 24932 --- [restartedMain] o.s.data.convert.CustomConversions       : Registering converter from class java.time.LocalDateTime to class org.joda.time.LocalDateTime as reading converter although it doesn't convert from a store-supported type! You might want to check your annotation setup at the converter implementation.
2022-05-27 09:22:10.335  INFO 24932 --- [cluster-ClusterId{value='62904ae9baaf1213ede4e261', description='null'}-cluster0-shard-00-01.n8sww.mongodb.net:27017] org.mongodb.driver.connection            : Opened connection [connectionId{localValue:3, serverValue:151686}] to cluster0-shard-00-01.n8sww.mongodb.net:27017
2022-05-27 09:22:10.335  INFO 24932 --- [cluster-rtt-ClusterId{value='62904ae9baaf1213ede4e261', description='null'}-cluster0-shard-00-01.n8sww.mongodb.net:27017] org.mongodb.driver.connection            : Opened connection [connectionId{localValue:4, serverValue:151686}] to cluster0-shard-00-01.n8sww.mongodb.net:27017
2022-05-27 09:22:10.335  INFO 24932 --- [cluster-ClusterId{value='62904ae9baaf1213ede4e261', description='null'}-cluster0-shard-00-01.n8sww.mongodb.net:27017] org.mongodb.driver.cluster               : Monitor thread successfully connected to server with description ServerDescription{address=cluster0-shard-00-01.n8sww.mongodb.net:27017, type=REPLICA_SET_PRIMARY, state=CONNECTED, ok=true, minWireVersion=0, maxWireVersion=13, maxDocumentSize=16777216, logicalSessionTimeoutMinutes=30, roundTripTimeNanos=201805100, setName='atlas-2zdg0p-shard-0', canonicalAddress=cluster0-shard-00-01.n8sww.mongodb.net:27017, hosts=[cluster0-shard-00-02.n8sww.mongodb.net:27017, cluster0-shard-00-00.n8sww.mongodb.net:27017, cluster0-shard-00-01.n8sww.mongodb.net:27017], passives=[], arbiters=[], primary='cluster0-shard-00-01.n8sww.mongodb.net:27017', tagSet=TagSet{[Tag{name='nodeType', value='ELECTABLE'}, Tag{name='provider', value='AWS'}, Tag{name='region', value='AP_SOUTH_1'}, Tag{name='workloadType', value='OPERATIONAL'}]}, electionId=7fffffff0000000000000137, setVersion=8, topologyVersion=TopologyVersion{processId=628aacefd9a5464a45e035a7, counter=6}, lastWriteDate=Fri May 27 09:21:58 IST 2022, lastUpdateTimeNanos=1198885367991700}
2022-05-27 09:22:10.345  INFO 24932 --- [cluster-ClusterId{value='62904ae9baaf1213ede4e261', description='null'}-cluster0-shard-00-01.n8sww.mongodb.net:27017] org.mongodb.driver.cluster               : Setting max election id to 7fffffff0000000000000137 from replica set primary cluster0-shard-00-01.n8sww.mongodb.net:27017
2022-05-27 09:22:10.346  INFO 24932 --- [cluster-ClusterId{value='62904ae9baaf1213ede4e261', description='null'}-cluster0-shard-00-01.n8sww.mongodb.net:27017] org.mongodb.driver.cluster               : Setting max set version to 8 from replica set primary cluster0-shard-00-01.n8sww.mongodb.net:27017
2022-05-27 09:22:10.346  INFO 24932 --- [cluster-ClusterId{value='62904ae9baaf1213ede4e261', description='null'}-cluster0-shard-00-01.n8sww.mongodb.net:27017] org.mongodb.driver.cluster               : Discovered replica set primary cluster0-shard-00-01.n8sww.mongodb.net:27017
2022-05-27 09:22:10.354  INFO 24932 --- [cluster-ClusterId{value='62904ae9baaf1213ede4e261', description='null'}-cluster0-shard-00-00.n8sww.mongodb.net:27017] org.mongodb.driver.connection            : Opened connection [connectionId{localValue:5, serverValue:143023}] to cluster0-shard-00-00.n8sww.mongodb.net:27017
2022-05-27 09:22:10.354  INFO 24932 --- [cluster-rtt-ClusterId{value='62904ae9baaf1213ede4e261', description='null'}-cluster0-shard-00-00.n8sww.mongodb.net:27017] org.mongodb.driver.connection            : Opened connection [connectionId{localValue:6, serverValue:143023}] to cluster0-shard-00-00.n8sww.mongodb.net:27017
2022-05-27 09:22:10.354  INFO 24932 --- [cluster-ClusterId{value='62904ae9baaf1213ede4e261', description='null'}-cluster0-shard-00-00.n8sww.mongodb.net:27017] org.mongodb.driver.cluster               : Monitor thread successfully connected to server with description ServerDescription{address=cluster0-shard-00-00.n8sww.mongodb.net:27017, type=REPLICA_SET_SECONDARY, state=CONNECTED, ok=true, minWireVersion=0, maxWireVersion=13, maxDocumentSize=16777216, logicalSessionTimeoutMinutes=30, roundTripTimeNanos=141481000, setName='atlas-2zdg0p-shard-0', canonicalAddress=cluster0-shard-00-00.n8sww.mongodb.net:27017, hosts=[cluster0-shard-00-02.n8sww.mongodb.net:27017, cluster0-shard-00-00.n8sww.mongodb.net:27017, cluster0-shard-00-01.n8sww.mongodb.net:27017], passives=[], arbiters=[], primary='cluster0-shard-00-01.n8sww.mongodb.net:27017', tagSet=TagSet{[Tag{name='nodeType', value='ELECTABLE'}, Tag{name='provider', value='AWS'}, Tag{name='region', value='AP_SOUTH_1'}, Tag{name='workloadType', value='OPERATIONAL'}]}, electionId=null, setVersion=8, topologyVersion=TopologyVersion{processId=628aab868ee08a11ebab8aae, counter=4}, lastWriteDate=Fri May 27 09:21:58 IST 2022, lastUpdateTimeNanos=1198885388879100}
2022-05-27 09:22:10.491  INFO 24932 --- [cluster-rtt-ClusterId{value='62904ae9baaf1213ede4e261', description='null'}-cluster0-shard-00-02.n8sww.mongodb.net:27017] org.mongodb.driver.connection            : Opened connection [connectionId{localValue:2, serverValue:142371}] to cluster0-shard-00-02.n8sww.mongodb.net:27017
2022-05-27 09:22:10.505  INFO 24932 --- [cluster-ClusterId{value='62904ae9baaf1213ede4e261', description='null'}-cluster0-shard-00-02.n8sww.mongodb.net:27017] org.mongodb.driver.connection            : Opened connection [connectionId{localValue:1, serverValue:142371}] to cluster0-shard-00-02.n8sww.mongodb.net:27017
2022-05-27 09:22:10.505  INFO 24932 --- [cluster-ClusterId{value='62904ae9baaf1213ede4e261', description='null'}-cluster0-shard-00-02.n8sww.mongodb.net:27017] org.mongodb.driver.cluster               : Monitor thread successfully connected to server with description ServerDescription{address=cluster0-shard-00-02.n8sww.mongodb.net:27017, type=REPLICA_SET_SECONDARY, state=CONNECTED, ok=true, minWireVersion=0, maxWireVersion=13, maxDocumentSize=16777216, logicalSessionTimeoutMinutes=30, roundTripTimeNanos=122658900, setName='atlas-2zdg0p-shard-0', canonicalAddress=cluster0-shard-00-02.n8sww.mongodb.net:27017, hosts=[cluster0-shard-00-02.n8sww.mongodb.net:27017, cluster0-shard-00-00.n8sww.mongodb.net:27017, cluster0-shard-00-01.n8sww.mongodb.net:27017], passives=[], arbiters=[], primary='cluster0-shard-00-01.n8sww.mongodb.net:27017', tagSet=TagSet{[Tag{name='nodeType', value='ELECTABLE'}, Tag{name='provider', value='AWS'}, Tag{name='region', value='AP_SOUTH_1'}, Tag{name='workloadType', value='OPERATIONAL'}]}, electionId=null, setVersion=8, topologyVersion=TopologyVersion{processId=628aae25a957d92a26f68f0c, counter=3}, lastWriteDate=Fri May 27 09:21:58 IST 2022, lastUpdateTimeNanos=1198885539893700}
2022-05-27 09:22:11.035  INFO 24932 --- [restartedMain] o.s.s.web.DefaultSecurityFilterChain     : Will secure any request with [org.springframework.security.web.context.request.async.WebAsyncManagerIntegrationFilter@6113e796, org.springframework.security.web.context.SecurityContextPersistenceFilter@55005c69, org.springframework.security.web.header.HeaderWriterFilter@11bad5cd, org.springframework.security.web.authentication.logout.LogoutFilter@d8f96e3, org.springframework.security.web.authentication.www.BasicAuthenticationFilter@569df209, org.springframework.security.web.savedrequest.RequestCacheAwareFilter@1fc975e3, org.springframework.security.web.servletapi.SecurityContextHolderAwareRequestFilter@3837352b, org.springframework.security.web.authentication.AnonymousAuthenticationFilter@5cff2de5, org.springframework.security.web.session.SessionManagementFilter@3235d2e3, org.springframework.security.web.access.ExceptionTranslationFilter@48e33987, org.springframework.security.web.access.intercept.FilterSecurityInterceptor@6eccfcc]
2022-05-27 09:22:13.514  INFO 24932 --- [restartedMain] DiscoveryClientOptionalArgsConfiguration : Eureka HTTP Client uses RestTemplate.
2022-05-27 09:22:13.584  WARN 24932 --- [restartedMain] iguration$LoadBalancerCaffeineWarnLogger : Spring Cloud LoadBalancer is currently working with the default cache. While this cache implementation is useful for development and tests, it's recommended to use Caffeine cache in production.You can switch to using Caffeine cache, by adding it and org.springframework.cache.caffeine.CaffeineCacheManager to the classpath.
2022-05-27 09:22:13.602  INFO 24932 --- [restartedMain] o.s.b.a.e.web.EndpointLinksResolver      : Exposing 1 endpoint(s) beneath base path '/actuator'
2022-05-27 09:22:13.751  INFO 24932 --- [restartedMain] o.s.b.w.embedded.tomcat.TomcatWebServer  : Tomcat started on port(s): 52360 (http) with context path '/api/v1.0/market'
2022-05-27 09:22:13.752  INFO 24932 --- [restartedMain] .s.c.n.e.s.EurekaAutoServiceRegistration : Updating port to 52360
2022-05-27 09:22:13.758  INFO 24932 --- [restartedMain] o.s.c.n.eureka.InstanceInfoFactory       : Setting initial instance status as: STARTING
2022-05-27 09:22:13.861  INFO 24932 --- [restartedMain] com.netflix.discovery.DiscoveryClient    : Initializing Eureka in region us-east-1
2022-05-27 09:22:13.869  INFO 24932 --- [restartedMain] c.n.d.s.r.aws.ConfigClusterResolver      : Resolving eureka endpoints via configuration
2022-05-27 09:22:13.914  INFO 24932 --- [restartedMain] com.netflix.discovery.DiscoveryClient    : Disable delta property : false
2022-05-27 09:22:13.914  INFO 24932 --- [restartedMain] com.netflix.discovery.DiscoveryClient    : Single vip registry refresh property : null
2022-05-27 09:22:13.914  INFO 24932 --- [restartedMain] com.netflix.discovery.DiscoveryClient    : Force full registry fetch : false
2022-05-27 09:22:13.914  INFO 24932 --- [restartedMain] com.netflix.discovery.DiscoveryClient    : Application is null : false
2022-05-27 09:22:13.915  INFO 24932 --- [restartedMain] com.netflix.discovery.DiscoveryClient    : Registered Applications size is zero : true
2022-05-27 09:22:13.915  INFO 24932 --- [restartedMain] com.netflix.discovery.DiscoveryClient    : Application version is -1: true
2022-05-27 09:22:13.915  INFO 24932 --- [restartedMain] com.netflix.discovery.DiscoveryClient    : Getting all instance registry info from the eureka server
2022-05-27 09:22:14.298  INFO 24932 --- [restartedMain] com.netflix.discovery.DiscoveryClient    : The response status is 200
2022-05-27 09:22:14.304  INFO 24932 --- [restartedMain] com.netflix.discovery.DiscoveryClient    : Starting heartbeat executor: renew interval is: 30
2022-05-27 09:22:14.311  INFO 24932 --- [restartedMain] c.n.discovery.InstanceInfoReplicator     : InstanceInfoReplicator onDemand update allowed rate per min is 4
2022-05-27 09:22:14.324  INFO 24932 --- [restartedMain] com.netflix.discovery.DiscoveryClient    : Discovery Client initialized at timestamp 1653623534323 with initial instances count: 0
2022-05-27 09:22:14.326  INFO 24932 --- [restartedMain] o.s.c.n.e.s.EurekaServiceRegistry        : Registering application STOCK-API with eureka with status UP
2022-05-27 09:22:14.327  INFO 24932 --- [restartedMain] com.netflix.discovery.DiscoveryClient    : Saw local status change event StatusChangeEvent [timestamp=1653623534327, current=UP, previous=STARTING]
2022-05-27 09:22:14.329  INFO 24932 --- [DiscoveryClient-InstanceInfoReplicator-0] com.netflix.discovery.DiscoveryClient    : DiscoveryClient_STOCK-API/host.docker.internal:stock-api:0: registering service...
2022-05-27 09:22:14.385  INFO 24932 --- [DiscoveryClient-InstanceInfoReplicator-0] com.netflix.discovery.DiscoveryClient    : DiscoveryClient_STOCK-API/host.docker.internal:stock-api:0 - registration status: 204
2022-05-27 09:22:14.548  INFO 24932 --- [RMI TCP Connection(1)-127.0.0.1] o.a.c.c.C.[.[.[/api/v1.0/market]         : Initializing Spring DispatcherServlet 'dispatcherServlet'
2022-05-27 09:22:14.548  INFO 24932 --- [RMI TCP Connection(1)-127.0.0.1] o.s.web.servlet.DispatcherServlet        : Initializing Servlet 'dispatcherServlet'
2022-05-27 09:22:14.550  INFO 24932 --- [RMI TCP Connection(1)-127.0.0.1] o.s.web.servlet.DispatcherServlet        : Completed initialization in 2 ms
2022-05-27 09:22:15.037  INFO 24932 --- [restartedMain] c.e.stock.StockApiApplication            : Started StockApiApplication in 21.631 seconds (JVM running for 24.234)
2022-05-27 09:22:44.307  INFO 24932 --- [DiscoveryClient-CacheRefreshExecutor-0] com.netflix.discovery.DiscoveryClient    : Disable delta property : false
2022-05-27 09:22:44.307  INFO 24932 --- [DiscoveryClient-CacheRefreshExecutor-0] com.netflix.discovery.DiscoveryClient    : Single vip registry refresh property : null
2022-05-27 09:22:44.307  INFO 24932 --- [DiscoveryClient-CacheRefreshExecutor-0] com.netflix.discovery.DiscoveryClient    : Force full registry fetch : false
2022-05-27 09:22:44.307  INFO 24932 --- [DiscoveryClient-CacheRefreshExecutor-0] com.netflix.discovery.DiscoveryClient    : Application is null : false
2022-05-27 09:22:44.307  INFO 24932 --- [DiscoveryClient-CacheRefreshExecutor-0] com.netflix.discovery.DiscoveryClient    : Registered Applications size is zero : true
2022-05-27 09:22:44.308  INFO 24932 --- [DiscoveryClient-CacheRefreshExecutor-0] com.netflix.discovery.DiscoveryClient    : Application version is -1: false
2022-05-27 09:22:44.308  INFO 24932 --- [DiscoveryClient-CacheRefreshExecutor-0] com.netflix.discovery.DiscoveryClient    : Getting all instance registry info from the eureka server
2022-05-27 09:22:44.317  INFO 24932 --- [DiscoveryClient-CacheRefreshExecutor-0] com.netflix.discovery.DiscoveryClient    : The response status is 200
2022-05-27 09:27:13.927  INFO 24932 --- [AsyncResolver-bootstrap-executor-0] c.n.d.s.r.aws.ConfigClusterResolver      : Resolving eureka endpoints via configuration
2022-05-27 09:32:13.939  INFO 24932 --- [AsyncResolver-bootstrap-executor-0] c.n.d.s.r.aws.ConfigClusterResolver      : Resolving eureka endpoints via configuration
2022-05-27 09:37:13.946  INFO 24932 --- [AsyncResolver-bootstrap-executor-0] c.n.d.s.r.aws.ConfigClusterResolver      : Resolving eureka endpoints via configuration
2022-05-27 09:42:13.957  INFO 24932 --- [AsyncResolver-bootstrap-executor-0] c.n.d.s.r.aws.ConfigClusterResolver      : Resolving eureka endpoints via configuration
2022-05-27 09:47:13.960  INFO 24932 --- [AsyncResolver-bootstrap-executor-0] c.n.d.s.r.aws.ConfigClusterResolver      : Resolving eureka endpoints via configuration
2022-05-27 09:52:13.967  INFO 24932 --- [AsyncResolver-bootstrap-executor-0] c.n.d.s.r.aws.ConfigClusterResolver      : Resolving eureka endpoints via configuration
2022-05-27 09:57:13.973  INFO 24932 --- [AsyncResolver-bootstrap-executor-0] c.n.d.s.r.aws.ConfigClusterResolver      : Resolving eureka endpoints via configuration
2022-05-27 10:02:13.986  INFO 24932 --- [AsyncResolver-bootstrap-executor-0] c.n.d.s.r.aws.ConfigClusterResolver      : Resolving eureka endpoints via configuration
2022-05-27 10:07:13.996  INFO 24932 --- [AsyncResolver-bootstrap-executor-0] c.n.d.s.r.aws.ConfigClusterResolver      : Resolving eureka endpoints via configuration
2022-05-27 10:12:14.003  INFO 24932 --- [AsyncResolver-bootstrap-executor-0] c.n.d.s.r.aws.ConfigClusterResolver      : Resolving eureka endpoints via configuration
2022-05-27 10:17:14.008  INFO 24932 --- [AsyncResolver-bootstrap-executor-0] c.n.d.s.r.aws.ConfigClusterResolver      : Resolving eureka endpoints via configuration
2022-05-27 10:22:14.022  INFO 24932 --- [AsyncResolver-bootstrap-executor-0] c.n.d.s.r.aws.ConfigClusterResolver      : Resolving eureka endpoints via configuration
2022-05-27 10:27:14.037  INFO 24932 --- [AsyncResolver-bootstrap-executor-0] c.n.d.s.r.aws.ConfigClusterResolver      : Resolving eureka endpoints via configuration
2022-05-27 10:32:14.046  INFO 24932 --- [AsyncResolver-bootstrap-executor-0] c.n.d.s.r.aws.ConfigClusterResolver      : Resolving eureka endpoints via configuration
2022-05-27 10:37:14.061  INFO 24932 --- [AsyncResolver-bootstrap-executor-0] c.n.d.s.r.aws.ConfigClusterResolver      : Resolving eureka endpoints via configuration
2022-05-27 10:42:14.070  INFO 24932 --- [AsyncResolver-bootstrap-executor-0] c.n.d.s.r.aws.ConfigClusterResolver      : Resolving eureka endpoints via configuration
2022-05-27 10:47:14.086  INFO 24932 --- [AsyncResolver-bootstrap-executor-0] c.n.d.s.r.aws.ConfigClusterResolver      : Resolving eureka endpoints via configuration
