2022-05-27 09:21:58.921  INFO 25972 --- [restartedMain] c.e.company.CompanyApiApplication        : Starting CompanyApiApplication using Java 17.0.2 on DESKTOP-9SJV7N9 with PID 25972 (C:\Prosenjit\My_IT\STSworkspaces\workspace1\E-Stock-Market-Project\company-api\target\classes started by PROSENJIT in C:\Prosenjit\My_IT\STSworkspaces\workspace1\E-Stock-Market-Project\company-api)
2022-05-27 09:21:59.399  INFO 25972 --- [restartedMain] c.e.company.CompanyApiApplication        : No active profile set, falling back to 1 default profile: "default"
2022-05-27 09:21:59.578  INFO 25972 --- [restartedMain] .e.DevToolsPropertyDefaultsPostProcessor : Devtools property defaults active! Set 'spring.devtools.add-properties' to 'false' to disable
2022-05-27 09:21:59.579  INFO 25972 --- [restartedMain] .e.DevToolsPropertyDefaultsPostProcessor : For additional web related logging consider setting the 'logging.level.web' property to 'DEBUG'
2022-05-27 09:22:01.978  INFO 25972 --- [restartedMain] .s.d.r.c.RepositoryConfigurationDelegate : Multiple Spring Data modules found, entering strict repository configuration mode!
2022-05-27 09:22:01.980  INFO 25972 --- [restartedMain] .s.d.r.c.RepositoryConfigurationDelegate : Bootstrapping Spring Data JPA repositories in DEFAULT mode.
2022-05-27 09:22:02.025  INFO 25972 --- [restartedMain] .RepositoryConfigurationExtensionSupport : Spring Data JPA - Could not safely identify store assignment for repository candidate interface com.estockmarket.company.repository.CompanyMongoDbRepository. If you want this repository to be a JPA repository, consider annotating your entities with one of these annotations: javax.persistence.Entity, javax.persistence.MappedSuperclass (preferred), or consider extending one of the following types with your repository: org.springframework.data.jpa.repository.JpaRepository.
2022-05-27 09:22:02.445  INFO 25972 --- [restartedMain] .s.d.r.c.RepositoryConfigurationDelegate : Finished Spring Data repository scanning in 455 ms. Found 1 JPA repository interfaces.
2022-05-27 09:22:02.455  INFO 25972 --- [restartedMain] .s.d.r.c.RepositoryConfigurationDelegate : Multiple Spring Data modules found, entering strict repository configuration mode!
2022-05-27 09:22:02.456  INFO 25972 --- [restartedMain] .s.d.r.c.RepositoryConfigurationDelegate : Bootstrapping Spring Data MongoDB repositories in DEFAULT mode.
2022-05-27 09:22:02.463  INFO 25972 --- [restartedMain] .RepositoryConfigurationExtensionSupport : Spring Data MongoDB - Could not safely identify store assignment for repository candidate interface com.estockmarket.company.repository.CompanyRepository. If you want this repository to be a MongoDB repository, consider annotating your entities with one of these annotations: org.springframework.data.mongodb.core.mapping.Document (preferred), or consider extending one of the following types with your repository: org.springframework.data.mongodb.repository.MongoRepository.
2022-05-27 09:22:06.327  INFO 25972 --- [restartedMain] .s.d.r.c.RepositoryConfigurationDelegate : Finished Spring Data repository scanning in 3871 ms. Found 1 MongoDB repository interfaces.
2022-05-27 09:22:07.165  INFO 25972 --- [restartedMain] o.s.cloud.context.scope.GenericScope     : BeanFactory id=3c9c9f0a-9654-3391-8ecf-3f777414ae6e
2022-05-27 09:22:08.631  INFO 25972 --- [restartedMain] o.s.b.w.embedded.tomcat.TomcatWebServer  : Tomcat initialized with port(s): 0 (http)
2022-05-27 09:22:08.654  INFO 25972 --- [restartedMain] o.apache.catalina.core.StandardService   : Starting service [Tomcat]
2022-05-27 09:22:08.655  INFO 25972 --- [restartedMain] org.apache.catalina.core.StandardEngine  : Starting Servlet engine: [Apache Tomcat/9.0.62]
2022-05-27 09:22:08.882  INFO 25972 --- [restartedMain] o.a.c.c.C.[.[.[/api/v1.0/market]         : Initializing Spring embedded WebApplicationContext
2022-05-27 09:22:08.882  INFO 25972 --- [restartedMain] w.s.c.ServletWebServerApplicationContext : Root WebApplicationContext: initialization completed in 9302 ms
2022-05-27 09:22:12.836  INFO 25972 --- [restartedMain] o.hibernate.jpa.internal.util.LogHelper  : HHH000204: Processing PersistenceUnitInfo [name: default]
2022-05-27 09:22:12.907  INFO 25972 --- [restartedMain] org.hibernate.Version                    : HHH000412: Hibernate ORM core version 5.6.8.Final
2022-05-27 09:22:13.131  INFO 25972 --- [restartedMain] o.hibernate.annotations.common.Version   : HCANN000001: Hibernate Commons Annotations {5.1.2.Final}
2022-05-27 09:22:13.279  INFO 25972 --- [restartedMain] com.zaxxer.hikari.HikariDataSource       : HikariPool-1 - Starting...
2022-05-27 09:22:13.652  INFO 25972 --- [restartedMain] com.zaxxer.hikari.HikariDataSource       : HikariPool-1 - Start completed.
2022-05-27 09:22:13.670  INFO 25972 --- [restartedMain] org.hibernate.dialect.Dialect            : HHH000400: Using dialect: org.hibernate.dialect.MySQL5Dialect
2022-05-27 09:22:14.812  INFO 25972 --- [restartedMain] o.h.e.t.j.p.i.JtaPlatformInitiator       : HHH000490: Using JtaPlatform implementation: [org.hibernate.engine.transaction.jta.platform.internal.NoJtaPlatform]
2022-05-27 09:22:14.827  INFO 25972 --- [restartedMain] j.LocalContainerEntityManagerFactoryBean : Initialized JPA EntityManagerFactory for persistence unit 'default'
2022-05-27 09:22:14.987  WARN 25972 --- [restartedMain] JpaBaseConfiguration$JpaWebConfiguration : spring.jpa.open-in-view is enabled by default. Therefore, database queries may be performed during view rendering. Explicitly configure spring.jpa.open-in-view to disable this warning
2022-05-27 09:22:15.787  INFO 25972 --- [restartedMain] org.mongodb.driver.cluster               : Cluster created with settings {hosts=[127.0.0.1:27017], srvHost=cluster0.n8sww.mongodb.net, mode=MULTIPLE, requiredClusterType=REPLICA_SET, serverSelectionTimeout='30000 ms', requiredReplicaSetName='atlas-2zdg0p-shard-0'}
2022-05-27 09:22:15.888  INFO 25972 --- [cluster-ClusterId{value='62904aef63da9f5865e0358f', description='null'}-srv-cluster0.n8sww.mongodb.net] org.mongodb.driver.cluster               : Adding discovered server cluster0-shard-00-02.n8sww.mongodb.net:27017 to client view of cluster
2022-05-27 09:22:15.944  INFO 25972 --- [cluster-ClusterId{value='62904aef63da9f5865e0358f', description='null'}-srv-cluster0.n8sww.mongodb.net] org.mongodb.driver.cluster               : Adding discovered server cluster0-shard-00-01.n8sww.mongodb.net:27017 to client view of cluster
2022-05-27 09:22:15.980  INFO 25972 --- [cluster-ClusterId{value='62904aef63da9f5865e0358f', description='null'}-srv-cluster0.n8sww.mongodb.net] org.mongodb.driver.cluster               : Adding discovered server cluster0-shard-00-00.n8sww.mongodb.net:27017 to client view of cluster
2022-05-27 09:22:15.995  WARN 25972 --- [restartedMain] o.s.data.convert.CustomConversions       : Registering converter from class java.time.LocalDateTime to class org.joda.time.LocalDateTime as reading converter although it doesn't convert from a store-supported type! You might want to check your annotation setup at the converter implementation.
2022-05-27 09:22:16.081  WARN 25972 --- [restartedMain] o.s.b.d.a.OptionalLiveReloadServer       : Unable to start LiveReload server
2022-05-27 09:22:16.153  WARN 25972 --- [restartedMain] o.s.data.convert.CustomConversions       : Registering converter from class java.time.LocalDateTime to class org.joda.time.LocalDateTime as reading converter although it doesn't convert from a store-supported type! You might want to check your annotation setup at the converter implementation.
2022-05-27 09:22:16.324  INFO 25972 --- [cluster-rtt-ClusterId{value='62904aef63da9f5865e0358f', description='null'}-cluster0-shard-00-01.n8sww.mongodb.net:27017] org.mongodb.driver.connection            : Opened connection [connectionId{localValue:4, serverValue:152108}] to cluster0-shard-00-01.n8sww.mongodb.net:27017
2022-05-27 09:22:16.324  INFO 25972 --- [cluster-ClusterId{value='62904aef63da9f5865e0358f', description='null'}-cluster0-shard-00-01.n8sww.mongodb.net:27017] org.mongodb.driver.connection            : Opened connection [connectionId{localValue:3, serverValue:152108}] to cluster0-shard-00-01.n8sww.mongodb.net:27017
2022-05-27 09:22:16.324  INFO 25972 --- [cluster-ClusterId{value='62904aef63da9f5865e0358f', description='null'}-cluster0-shard-00-00.n8sww.mongodb.net:27017] org.mongodb.driver.connection            : Opened connection [connectionId{localValue:5, serverValue:143027}] to cluster0-shard-00-00.n8sww.mongodb.net:27017
2022-05-27 09:22:16.324  INFO 25972 --- [cluster-ClusterId{value='62904aef63da9f5865e0358f', description='null'}-cluster0-shard-00-02.n8sww.mongodb.net:27017] org.mongodb.driver.connection            : Opened connection [connectionId{localValue:2, serverValue:142375}] to cluster0-shard-00-02.n8sww.mongodb.net:27017
2022-05-27 09:22:16.325  INFO 25972 --- [cluster-rtt-ClusterId{value='62904aef63da9f5865e0358f', description='null'}-cluster0-shard-00-02.n8sww.mongodb.net:27017] org.mongodb.driver.connection            : Opened connection [connectionId{localValue:1, serverValue:142376}] to cluster0-shard-00-02.n8sww.mongodb.net:27017
2022-05-27 09:22:16.325  INFO 25972 --- [cluster-ClusterId{value='62904aef63da9f5865e0358f', description='null'}-cluster0-shard-00-00.n8sww.mongodb.net:27017] org.mongodb.driver.cluster               : Monitor thread successfully connected to server with description ServerDescription{address=cluster0-shard-00-00.n8sww.mongodb.net:27017, type=REPLICA_SET_SECONDARY, state=CONNECTED, ok=true, minWireVersion=0, maxWireVersion=13, maxDocumentSize=16777216, logicalSessionTimeoutMinutes=30, roundTripTimeNanos=138451700, setName='atlas-2zdg0p-shard-0', canonicalAddress=cluster0-shard-00-00.n8sww.mongodb.net:27017, hosts=[cluster0-shard-00-02.n8sww.mongodb.net:27017, cluster0-shard-00-00.n8sww.mongodb.net:27017, cluster0-shard-00-01.n8sww.mongodb.net:27017], passives=[], arbiters=[], primary='cluster0-shard-00-01.n8sww.mongodb.net:27017', tagSet=TagSet{[Tag{name='nodeType', value='ELECTABLE'}, Tag{name='provider', value='AWS'}, Tag{name='region', value='AP_SOUTH_1'}, Tag{name='workloadType', value='OPERATIONAL'}]}, electionId=null, setVersion=8, topologyVersion=TopologyVersion{processId=628aab868ee08a11ebab8aae, counter=4}, lastWriteDate=Fri May 27 09:22:04 IST 2022, lastUpdateTimeNanos=1198891357085000}
2022-05-27 09:22:16.325  INFO 25972 --- [cluster-ClusterId{value='62904aef63da9f5865e0358f', description='null'}-cluster0-shard-00-01.n8sww.mongodb.net:27017] org.mongodb.driver.cluster               : Monitor thread successfully connected to server with description ServerDescription{address=cluster0-shard-00-01.n8sww.mongodb.net:27017, type=REPLICA_SET_PRIMARY, state=CONNECTED, ok=true, minWireVersion=0, maxWireVersion=13, maxDocumentSize=16777216, logicalSessionTimeoutMinutes=30, roundTripTimeNanos=160566200, setName='atlas-2zdg0p-shard-0', canonicalAddress=cluster0-shard-00-01.n8sww.mongodb.net:27017, hosts=[cluster0-shard-00-02.n8sww.mongodb.net:27017, cluster0-shard-00-00.n8sww.mongodb.net:27017, cluster0-shard-00-01.n8sww.mongodb.net:27017], passives=[], arbiters=[], primary='cluster0-shard-00-01.n8sww.mongodb.net:27017', tagSet=TagSet{[Tag{name='nodeType', value='ELECTABLE'}, Tag{name='provider', value='AWS'}, Tag{name='region', value='AP_SOUTH_1'}, Tag{name='workloadType', value='OPERATIONAL'}]}, electionId=7fffffff0000000000000137, setVersion=8, topologyVersion=TopologyVersion{processId=628aacefd9a5464a45e035a7, counter=6}, lastWriteDate=Fri May 27 09:22:04 IST 2022, lastUpdateTimeNanos=1198891356978700}
2022-05-27 09:22:16.325  INFO 25972 --- [cluster-ClusterId{value='62904aef63da9f5865e0358f', description='null'}-cluster0-shard-00-02.n8sww.mongodb.net:27017] org.mongodb.driver.cluster               : Monitor thread successfully connected to server with description ServerDescription{address=cluster0-shard-00-02.n8sww.mongodb.net:27017, type=REPLICA_SET_SECONDARY, state=CONNECTED, ok=true, minWireVersion=0, maxWireVersion=13, maxDocumentSize=16777216, logicalSessionTimeoutMinutes=30, roundTripTimeNanos=175533600, setName='atlas-2zdg0p-shard-0', canonicalAddress=cluster0-shard-00-02.n8sww.mongodb.net:27017, hosts=[cluster0-shard-00-02.n8sww.mongodb.net:27017, cluster0-shard-00-00.n8sww.mongodb.net:27017, cluster0-shard-00-01.n8sww.mongodb.net:27017], passives=[], arbiters=[], primary='cluster0-shard-00-01.n8sww.mongodb.net:27017', tagSet=TagSet{[Tag{name='nodeType', value='ELECTABLE'}, Tag{name='provider', value='AWS'}, Tag{name='region', value='AP_SOUTH_1'}, Tag{name='workloadType', value='OPERATIONAL'}]}, electionId=null, setVersion=8, topologyVersion=TopologyVersion{processId=628aae25a957d92a26f68f0c, counter=3}, lastWriteDate=Fri May 27 09:22:04 IST 2022, lastUpdateTimeNanos=1198891356978700}
2022-05-27 09:22:16.328  INFO 25972 --- [cluster-ClusterId{value='62904aef63da9f5865e0358f', description='null'}-cluster0-shard-00-01.n8sww.mongodb.net:27017] org.mongodb.driver.cluster               : Setting max election id to 7fffffff0000000000000137 from replica set primary cluster0-shard-00-01.n8sww.mongodb.net:27017
2022-05-27 09:22:16.329  INFO 25972 --- [cluster-ClusterId{value='62904aef63da9f5865e0358f', description='null'}-cluster0-shard-00-01.n8sww.mongodb.net:27017] org.mongodb.driver.cluster               : Setting max set version to 8 from replica set primary cluster0-shard-00-01.n8sww.mongodb.net:27017
2022-05-27 09:22:16.329  INFO 25972 --- [cluster-ClusterId{value='62904aef63da9f5865e0358f', description='null'}-cluster0-shard-00-01.n8sww.mongodb.net:27017] org.mongodb.driver.cluster               : Discovered replica set primary cluster0-shard-00-01.n8sww.mongodb.net:27017
2022-05-27 09:22:16.330  INFO 25972 --- [cluster-rtt-ClusterId{value='62904aef63da9f5865e0358f', description='null'}-cluster0-shard-00-00.n8sww.mongodb.net:27017] org.mongodb.driver.connection            : Opened connection [connectionId{localValue:6, serverValue:143027}] to cluster0-shard-00-00.n8sww.mongodb.net:27017
2022-05-27 09:22:17.257  INFO 25972 --- [restartedMain] o.s.s.web.DefaultSecurityFilterChain     : Will secure any request with [org.springframework.security.web.context.request.async.WebAsyncManagerIntegrationFilter@2ee188ab, org.springframework.security.web.context.SecurityContextPersistenceFilter@7185dfb2, org.springframework.security.web.header.HeaderWriterFilter@395e8a1a, org.springframework.security.web.authentication.logout.LogoutFilter@70563760, org.springframework.security.web.authentication.www.BasicAuthenticationFilter@4decd819, org.springframework.security.web.savedrequest.RequestCacheAwareFilter@391e2eec, org.springframework.security.web.servletapi.SecurityContextHolderAwareRequestFilter@607634e0, org.springframework.security.web.authentication.AnonymousAuthenticationFilter@125be9ca, org.springframework.security.web.session.SessionManagementFilter@6f3794ff, org.springframework.security.web.access.ExceptionTranslationFilter@61e3f5e4, org.springframework.security.web.access.intercept.FilterSecurityInterceptor@e93a944]
2022-05-27 09:22:18.584  INFO 25972 --- [restartedMain] DiscoveryClientOptionalArgsConfiguration : Eureka HTTP Client uses RestTemplate.
2022-05-27 09:22:18.653  WARN 25972 --- [restartedMain] iguration$LoadBalancerCaffeineWarnLogger : Spring Cloud LoadBalancer is currently working with the default cache. While this cache implementation is useful for development and tests, it's recommended to use Caffeine cache in production.You can switch to using Caffeine cache, by adding it and org.springframework.cache.caffeine.CaffeineCacheManager to the classpath.
2022-05-27 09:22:18.663  INFO 25972 --- [restartedMain] o.s.b.a.e.web.EndpointLinksResolver      : Exposing 1 endpoint(s) beneath base path '/actuator'
2022-05-27 09:22:18.845  INFO 25972 --- [restartedMain] o.s.b.w.embedded.tomcat.TomcatWebServer  : Tomcat started on port(s): 52392 (http) with context path '/api/v1.0/market'
2022-05-27 09:22:18.846  INFO 25972 --- [restartedMain] .s.c.n.e.s.EurekaAutoServiceRegistration : Updating port to 52392
2022-05-27 09:22:18.852  INFO 25972 --- [restartedMain] o.s.c.n.eureka.InstanceInfoFactory       : Setting initial instance status as: STARTING
2022-05-27 09:22:18.869  INFO 25972 --- [RMI TCP Connection(2)-127.0.0.1] o.a.c.c.C.[.[.[/api/v1.0/market]         : Initializing Spring DispatcherServlet 'dispatcherServlet'
2022-05-27 09:22:18.869  INFO 25972 --- [RMI TCP Connection(2)-127.0.0.1] o.s.web.servlet.DispatcherServlet        : Initializing Servlet 'dispatcherServlet'
2022-05-27 09:22:18.871  INFO 25972 --- [RMI TCP Connection(2)-127.0.0.1] o.s.web.servlet.DispatcherServlet        : Completed initialization in 2 ms
2022-05-27 09:22:18.950  INFO 25972 --- [restartedMain] com.netflix.discovery.DiscoveryClient    : Initializing Eureka in region us-east-1
2022-05-27 09:22:18.957  INFO 25972 --- [restartedMain] c.n.d.s.r.aws.ConfigClusterResolver      : Resolving eureka endpoints via configuration
2022-05-27 09:22:19.070  INFO 25972 --- [restartedMain] com.netflix.discovery.DiscoveryClient    : Disable delta property : false
2022-05-27 09:22:19.070  INFO 25972 --- [restartedMain] com.netflix.discovery.DiscoveryClient    : Single vip registry refresh property : null
2022-05-27 09:22:19.070  INFO 25972 --- [restartedMain] com.netflix.discovery.DiscoveryClient    : Force full registry fetch : false
2022-05-27 09:22:19.070  INFO 25972 --- [restartedMain] com.netflix.discovery.DiscoveryClient    : Application is null : false
2022-05-27 09:22:19.070  INFO 25972 --- [restartedMain] com.netflix.discovery.DiscoveryClient    : Registered Applications size is zero : true
2022-05-27 09:22:19.070  INFO 25972 --- [restartedMain] com.netflix.discovery.DiscoveryClient    : Application version is -1: true
2022-05-27 09:22:19.071  INFO 25972 --- [restartedMain] com.netflix.discovery.DiscoveryClient    : Getting all instance registry info from the eureka server
2022-05-27 09:22:19.381  INFO 25972 --- [restartedMain] com.netflix.discovery.DiscoveryClient    : The response status is 200
2022-05-27 09:22:19.388  INFO 25972 --- [restartedMain] com.netflix.discovery.DiscoveryClient    : Starting heartbeat executor: renew interval is: 30
2022-05-27 09:22:19.394  INFO 25972 --- [restartedMain] c.n.discovery.InstanceInfoReplicator     : InstanceInfoReplicator onDemand update allowed rate per min is 4
2022-05-27 09:22:19.407  INFO 25972 --- [restartedMain] com.netflix.discovery.DiscoveryClient    : Discovery Client initialized at timestamp 1653623539406 with initial instances count: 0
2022-05-27 09:22:19.409  INFO 25972 --- [restartedMain] o.s.c.n.e.s.EurekaServiceRegistry        : Registering application COMPANY-API with eureka with status UP
2022-05-27 09:22:19.410  INFO 25972 --- [restartedMain] com.netflix.discovery.DiscoveryClient    : Saw local status change event StatusChangeEvent [timestamp=1653623539410, current=UP, previous=STARTING]
2022-05-27 09:22:19.412  INFO 25972 --- [DiscoveryClient-InstanceInfoReplicator-0] com.netflix.discovery.DiscoveryClient    : DiscoveryClient_COMPANY-API/host.docker.internal:company-api:0: registering service...
2022-05-27 09:22:19.441  INFO 25972 --- [DiscoveryClient-InstanceInfoReplicator-0] com.netflix.discovery.DiscoveryClient    : DiscoveryClient_COMPANY-API/host.docker.internal:company-api:0 - registration status: 204
2022-05-27 09:22:19.692  INFO 25972 --- [restartedMain] c.e.company.CompanyApiApplication        : Started CompanyApiApplication in 24.164 seconds (JVM running for 26.703)
2022-05-27 09:22:49.400  INFO 25972 --- [DiscoveryClient-CacheRefreshExecutor-0] com.netflix.discovery.DiscoveryClient    : Disable delta property : false
2022-05-27 09:22:49.400  INFO 25972 --- [DiscoveryClient-CacheRefreshExecutor-0] com.netflix.discovery.DiscoveryClient    : Single vip registry refresh property : null
2022-05-27 09:22:49.400  INFO 25972 --- [DiscoveryClient-CacheRefreshExecutor-0] com.netflix.discovery.DiscoveryClient    : Force full registry fetch : false
2022-05-27 09:22:49.400  INFO 25972 --- [DiscoveryClient-CacheRefreshExecutor-0] com.netflix.discovery.DiscoveryClient    : Application is null : false
2022-05-27 09:22:49.400  INFO 25972 --- [DiscoveryClient-CacheRefreshExecutor-0] com.netflix.discovery.DiscoveryClient    : Registered Applications size is zero : true
2022-05-27 09:22:49.400  INFO 25972 --- [DiscoveryClient-CacheRefreshExecutor-0] com.netflix.discovery.DiscoveryClient    : Application version is -1: false
2022-05-27 09:22:49.400  INFO 25972 --- [DiscoveryClient-CacheRefreshExecutor-0] com.netflix.discovery.DiscoveryClient    : Getting all instance registry info from the eureka server
2022-05-27 09:22:49.410  INFO 25972 --- [DiscoveryClient-CacheRefreshExecutor-0] com.netflix.discovery.DiscoveryClient    : The response status is 200
2022-05-27 09:22:52.091  INFO 25972 --- [http-nio-auto-1-exec-2] c.e.c.controller.CompanyApiController    : getAllCompanies endpoint hit !
2022-05-27 09:22:52.498  INFO 25972 --- [http-nio-auto-1-exec-2] org.mongodb.driver.connection            : Opened connection [connectionId{localValue:7, serverValue:152127}] to cluster0-shard-00-01.n8sww.mongodb.net:27017
2022-05-27 09:22:52.626  INFO 25972 --- [http-nio-auto-1-exec-2] c.e.c.controller.CompanyApiController    : getAllCompanies Return companyList=[Company(id=70, companyCode=C001, companyName=Company Name 1, companyCEO=Gaurav CEO1, companyTurnover=25.56, companyWebsite=www.company1.com, stockExchange=NSE), Company(id=77, companyCode=C002, companyName=Company Name 2, companyCEO=Chetan CEO2, companyTurnover=28.56, companyWebsite=www.company2.com, stockExchange=NSE)]
2022-05-27 09:27:19.082  INFO 25972 --- [AsyncResolver-bootstrap-executor-0] c.n.d.s.r.aws.ConfigClusterResolver      : Resolving eureka endpoints via configuration
2022-05-27 09:32:19.098  INFO 25972 --- [AsyncResolver-bootstrap-executor-0] c.n.d.s.r.aws.ConfigClusterResolver      : Resolving eureka endpoints via configuration
2022-05-27 09:37:19.112  INFO 25972 --- [AsyncResolver-bootstrap-executor-0] c.n.d.s.r.aws.ConfigClusterResolver      : Resolving eureka endpoints via configuration
2022-05-27 09:42:19.117  INFO 25972 --- [AsyncResolver-bootstrap-executor-0] c.n.d.s.r.aws.ConfigClusterResolver      : Resolving eureka endpoints via configuration
2022-05-27 09:47:19.129  INFO 25972 --- [AsyncResolver-bootstrap-executor-0] c.n.d.s.r.aws.ConfigClusterResolver      : Resolving eureka endpoints via configuration
2022-05-27 09:52:19.136  INFO 25972 --- [AsyncResolver-bootstrap-executor-0] c.n.d.s.r.aws.ConfigClusterResolver      : Resolving eureka endpoints via configuration
2022-05-27 09:57:19.146  INFO 25972 --- [AsyncResolver-bootstrap-executor-0] c.n.d.s.r.aws.ConfigClusterResolver      : Resolving eureka endpoints via configuration
2022-05-27 10:02:19.148  INFO 25972 --- [AsyncResolver-bootstrap-executor-0] c.n.d.s.r.aws.ConfigClusterResolver      : Resolving eureka endpoints via configuration
2022-05-27 10:02:42.859  INFO 25972 --- [http-nio-auto-1-exec-6] c.e.c.controller.CompanyApiController    : getAllCompanies endpoint hit !
2022-05-27 10:02:42.924  INFO 25972 --- [http-nio-auto-1-exec-6] c.e.c.controller.CompanyApiController    : getAllCompanies Return companyList=[Company(id=70, companyCode=C001, companyName=Company Name 1, companyCEO=Gaurav CEO1, companyTurnover=25.56, companyWebsite=www.company1.com, stockExchange=NSE), Company(id=77, companyCode=C002, companyName=Company Name 2, companyCEO=Chetan CEO2, companyTurnover=28.56, companyWebsite=www.company2.com, stockExchange=NSE)]
2022-05-27 10:07:19.162  INFO 25972 --- [AsyncResolver-bootstrap-executor-0] c.n.d.s.r.aws.ConfigClusterResolver      : Resolving eureka endpoints via configuration
2022-05-27 10:11:21.642  INFO 25972 --- [http-nio-auto-1-exec-8] c.e.c.controller.CompanyApiController    : getAllCompanies endpoint hit !
2022-05-27 10:11:21.699  INFO 25972 --- [http-nio-auto-1-exec-8] c.e.c.controller.CompanyApiController    : getAllCompanies Return companyList=[Company(id=70, companyCode=C001, companyName=Company Name 1, companyCEO=Gaurav CEO1, companyTurnover=25.56, companyWebsite=www.company1.com, stockExchange=NSE), Company(id=77, companyCode=C002, companyName=Company Name 2, companyCEO=Chetan CEO2, companyTurnover=28.56, companyWebsite=www.company2.com, stockExchange=NSE)]
2022-05-27 10:11:28.699  INFO 25972 --- [http-nio-auto-1-exec-9] c.e.c.controller.CompanyApiController    : getAllCompanies endpoint hit !
2022-05-27 10:11:28.756  INFO 25972 --- [http-nio-auto-1-exec-9] c.e.c.controller.CompanyApiController    : getAllCompanies Return companyList=[Company(id=70, companyCode=C001, companyName=Company Name 1, companyCEO=Gaurav CEO1, companyTurnover=25.56, companyWebsite=www.company1.com, stockExchange=NSE), Company(id=77, companyCode=C002, companyName=Company Name 2, companyCEO=Chetan CEO2, companyTurnover=28.56, companyWebsite=www.company2.com, stockExchange=NSE)]
2022-05-27 10:12:19.166  INFO 25972 --- [AsyncResolver-bootstrap-executor-0] c.n.d.s.r.aws.ConfigClusterResolver      : Resolving eureka endpoints via configuration
2022-05-27 10:12:26.489  INFO 25972 --- [http-nio-auto-1-exec-10] c.e.c.controller.CompanyApiController    : getAllCompanies endpoint hit !
2022-05-27 10:12:26.548  INFO 25972 --- [http-nio-auto-1-exec-10] c.e.c.controller.CompanyApiController    : getAllCompanies Return companyList=[Company(id=70, companyCode=C001, companyName=Company Name 1, companyCEO=Gaurav CEO1, companyTurnover=25.56, companyWebsite=www.company1.com, stockExchange=NSE), Company(id=77, companyCode=C002, companyName=Company Name 2, companyCEO=Chetan CEO2, companyTurnover=28.56, companyWebsite=www.company2.com, stockExchange=NSE)]
2022-05-27 10:12:28.892  INFO 25972 --- [http-nio-auto-1-exec-1] c.e.c.controller.CompanyApiController    : getAllCompanies endpoint hit !
2022-05-27 10:12:28.949  INFO 25972 --- [http-nio-auto-1-exec-1] c.e.c.controller.CompanyApiController    : getAllCompanies Return companyList=[Company(id=70, companyCode=C001, companyName=Company Name 1, companyCEO=Gaurav CEO1, companyTurnover=25.56, companyWebsite=www.company1.com, stockExchange=NSE), Company(id=77, companyCode=C002, companyName=Company Name 2, companyCEO=Chetan CEO2, companyTurnover=28.56, companyWebsite=www.company2.com, stockExchange=NSE)]
2022-05-27 10:12:35.814  INFO 25972 --- [http-nio-auto-1-exec-2] c.e.c.controller.CompanyApiController    : getAllCompanies endpoint hit !
2022-05-27 10:12:35.872  INFO 25972 --- [http-nio-auto-1-exec-2] c.e.c.controller.CompanyApiController    : getAllCompanies Return companyList=[Company(id=70, companyCode=C001, companyName=Company Name 1, companyCEO=Gaurav CEO1, companyTurnover=25.56, companyWebsite=www.company1.com, stockExchange=NSE), Company(id=77, companyCode=C002, companyName=Company Name 2, companyCEO=Chetan CEO2, companyTurnover=28.56, companyWebsite=www.company2.com, stockExchange=NSE)]
2022-05-27 10:12:37.017  INFO 25972 --- [http-nio-auto-1-exec-3] c.e.c.controller.CompanyApiController    : getAllCompanies endpoint hit !
2022-05-27 10:12:37.074  INFO 25972 --- [http-nio-auto-1-exec-3] c.e.c.controller.CompanyApiController    : getAllCompanies Return companyList=[Company(id=70, companyCode=C001, companyName=Company Name 1, companyCEO=Gaurav CEO1, companyTurnover=25.56, companyWebsite=www.company1.com, stockExchange=NSE), Company(id=77, companyCode=C002, companyName=Company Name 2, companyCEO=Chetan CEO2, companyTurnover=28.56, companyWebsite=www.company2.com, stockExchange=NSE)]
2022-05-27 10:12:38.321  INFO 25972 --- [http-nio-auto-1-exec-4] c.e.c.controller.CompanyApiController    : getAllCompanies endpoint hit !
2022-05-27 10:12:38.389  INFO 25972 --- [http-nio-auto-1-exec-4] c.e.c.controller.CompanyApiController    : getAllCompanies Return companyList=[Company(id=70, companyCode=C001, companyName=Company Name 1, companyCEO=Gaurav CEO1, companyTurnover=25.56, companyWebsite=www.company1.com, stockExchange=NSE), Company(id=77, companyCode=C002, companyName=Company Name 2, companyCEO=Chetan CEO2, companyTurnover=28.56, companyWebsite=www.company2.com, stockExchange=NSE)]
2022-05-27 10:13:46.734  INFO 25972 --- [http-nio-auto-1-exec-6] c.e.c.controller.CompanyApiController    : getAllCompanies endpoint hit !
2022-05-27 10:13:46.793  INFO 25972 --- [http-nio-auto-1-exec-6] c.e.c.controller.CompanyApiController    : getAllCompanies Return companyList=[Company(id=70, companyCode=C001, companyName=Company Name 1, companyCEO=Gaurav CEO1, companyTurnover=25.56, companyWebsite=www.company1.com, stockExchange=NSE), Company(id=77, companyCode=C002, companyName=Company Name 2, companyCEO=Chetan CEO2, companyTurnover=28.56, companyWebsite=www.company2.com, stockExchange=NSE)]
2022-05-27 10:17:06.586  INFO 25972 --- [http-nio-auto-1-exec-8] c.e.c.controller.CompanyApiController    : getAllCompanies endpoint hit !
2022-05-27 10:17:06.644  INFO 25972 --- [http-nio-auto-1-exec-8] c.e.c.controller.CompanyApiController    : getAllCompanies Return companyList=[Company(id=70, companyCode=C001, companyName=Company Name 1, companyCEO=Gaurav CEO1, companyTurnover=25.56, companyWebsite=www.company1.com, stockExchange=NSE), Company(id=77, companyCode=C002, companyName=Company Name 2, companyCEO=Chetan CEO2, companyTurnover=28.56, companyWebsite=www.company2.com, stockExchange=NSE)]
2022-05-27 10:17:19.181  INFO 25972 --- [AsyncResolver-bootstrap-executor-0] c.n.d.s.r.aws.ConfigClusterResolver      : Resolving eureka endpoints via configuration
2022-05-27 10:17:32.719  INFO 25972 --- [http-nio-auto-1-exec-9] c.e.c.controller.CompanyApiController    : getAllCompanies endpoint hit !
2022-05-27 10:17:32.777  INFO 25972 --- [http-nio-auto-1-exec-9] c.e.c.controller.CompanyApiController    : getAllCompanies Return companyList=[Company(id=70, companyCode=C001, companyName=Company Name 1, companyCEO=Gaurav CEO1, companyTurnover=25.56, companyWebsite=www.company1.com, stockExchange=NSE), Company(id=77, companyCode=C002, companyName=Company Name 2, companyCEO=Chetan CEO2, companyTurnover=28.56, companyWebsite=www.company2.com, stockExchange=NSE)]
2022-05-27 10:17:34.585  INFO 25972 --- [http-nio-auto-1-exec-10] c.e.c.controller.CompanyApiController    : getAllCompanies endpoint hit !
2022-05-27 10:17:34.641  INFO 25972 --- [http-nio-auto-1-exec-10] c.e.c.controller.CompanyApiController    : getAllCompanies Return companyList=[Company(id=70, companyCode=C001, companyName=Company Name 1, companyCEO=Gaurav CEO1, companyTurnover=25.56, companyWebsite=www.company1.com, stockExchange=NSE), Company(id=77, companyCode=C002, companyName=Company Name 2, companyCEO=Chetan CEO2, companyTurnover=28.56, companyWebsite=www.company2.com, stockExchange=NSE)]
2022-05-27 10:18:36.643  INFO 25972 --- [http-nio-auto-1-exec-2] c.e.c.controller.CompanyApiController    : getAllCompanies endpoint hit !
2022-05-27 10:18:36.698  INFO 25972 --- [http-nio-auto-1-exec-2] c.e.c.controller.CompanyApiController    : getAllCompanies Return companyList=[Company(id=70, companyCode=C001, companyName=Company Name 1, companyCEO=Gaurav CEO1, companyTurnover=25.56, companyWebsite=www.company1.com, stockExchange=NSE), Company(id=77, companyCode=C002, companyName=Company Name 2, companyCEO=Chetan CEO2, companyTurnover=28.56, companyWebsite=www.company2.com, stockExchange=NSE)]
2022-05-27 10:18:37.395  INFO 25972 --- [http-nio-auto-1-exec-3] c.e.c.controller.CompanyApiController    : getAllCompanies endpoint hit !
2022-05-27 10:18:37.451  INFO 25972 --- [http-nio-auto-1-exec-3] c.e.c.controller.CompanyApiController    : getAllCompanies Return companyList=[Company(id=70, companyCode=C001, companyName=Company Name 1, companyCEO=Gaurav CEO1, companyTurnover=25.56, companyWebsite=www.company1.com, stockExchange=NSE), Company(id=77, companyCode=C002, companyName=Company Name 2, companyCEO=Chetan CEO2, companyTurnover=28.56, companyWebsite=www.company2.com, stockExchange=NSE)]
2022-05-27 10:18:38.573  INFO 25972 --- [http-nio-auto-1-exec-4] c.e.c.controller.CompanyApiController    : getAllCompanies endpoint hit !
2022-05-27 10:18:38.630  INFO 25972 --- [http-nio-auto-1-exec-4] c.e.c.controller.CompanyApiController    : getAllCompanies Return companyList=[Company(id=70, companyCode=C001, companyName=Company Name 1, companyCEO=Gaurav CEO1, companyTurnover=25.56, companyWebsite=www.company1.com, stockExchange=NSE), Company(id=77, companyCode=C002, companyName=Company Name 2, companyCEO=Chetan CEO2, companyTurnover=28.56, companyWebsite=www.company2.com, stockExchange=NSE)]
2022-05-27 10:18:39.248  INFO 25972 --- [http-nio-auto-1-exec-5] c.e.c.controller.CompanyApiController    : getAllCompanies endpoint hit !
2022-05-27 10:18:39.305  INFO 25972 --- [http-nio-auto-1-exec-5] c.e.c.controller.CompanyApiController    : getAllCompanies Return companyList=[Company(id=70, companyCode=C001, companyName=Company Name 1, companyCEO=Gaurav CEO1, companyTurnover=25.56, companyWebsite=www.company1.com, stockExchange=NSE), Company(id=77, companyCode=C002, companyName=Company Name 2, companyCEO=Chetan CEO2, companyTurnover=28.56, companyWebsite=www.company2.com, stockExchange=NSE)]
2022-05-27 10:20:13.101  INFO 25972 --- [http-nio-auto-1-exec-7] c.e.c.controller.CompanyApiController    : getAllCompanies endpoint hit !
2022-05-27 10:20:13.159  INFO 25972 --- [http-nio-auto-1-exec-7] c.e.c.controller.CompanyApiController    : getAllCompanies Return companyList=[Company(id=70, companyCode=C001, companyName=Company Name 1, companyCEO=Gaurav CEO1, companyTurnover=25.56, companyWebsite=www.company1.com, stockExchange=NSE), Company(id=77, companyCode=C002, companyName=Company Name 2, companyCEO=Chetan CEO2, companyTurnover=28.56, companyWebsite=www.company2.com, stockExchange=NSE)]
2022-05-27 10:20:14.010  INFO 25972 --- [http-nio-auto-1-exec-8] c.e.c.controller.CompanyApiController    : getAllCompanies endpoint hit !
2022-05-27 10:20:14.074  INFO 25972 --- [http-nio-auto-1-exec-8] c.e.c.controller.CompanyApiController    : getAllCompanies Return companyList=[Company(id=70, companyCode=C001, companyName=Company Name 1, companyCEO=Gaurav CEO1, companyTurnover=25.56, companyWebsite=www.company1.com, stockExchange=NSE), Company(id=77, companyCode=C002, companyName=Company Name 2, companyCEO=Chetan CEO2, companyTurnover=28.56, companyWebsite=www.company2.com, stockExchange=NSE)]
2022-05-27 10:20:14.617  INFO 25972 --- [http-nio-auto-1-exec-9] c.e.c.controller.CompanyApiController    : getAllCompanies endpoint hit !
2022-05-27 10:20:14.674  INFO 25972 --- [http-nio-auto-1-exec-9] c.e.c.controller.CompanyApiController    : getAllCompanies Return companyList=[Company(id=70, companyCode=C001, companyName=Company Name 1, companyCEO=Gaurav CEO1, companyTurnover=25.56, companyWebsite=www.company1.com, stockExchange=NSE), Company(id=77, companyCode=C002, companyName=Company Name 2, companyCEO=Chetan CEO2, companyTurnover=28.56, companyWebsite=www.company2.com, stockExchange=NSE)]
2022-05-27 10:20:15.170  INFO 25972 --- [http-nio-auto-1-exec-10] c.e.c.controller.CompanyApiController    : getAllCompanies endpoint hit !
2022-05-27 10:20:15.229  INFO 25972 --- [http-nio-auto-1-exec-10] c.e.c.controller.CompanyApiController    : getAllCompanies Return companyList=[Company(id=70, companyCode=C001, companyName=Company Name 1, companyCEO=Gaurav CEO1, companyTurnover=25.56, companyWebsite=www.company1.com, stockExchange=NSE), Company(id=77, companyCode=C002, companyName=Company Name 2, companyCEO=Chetan CEO2, companyTurnover=28.56, companyWebsite=www.company2.com, stockExchange=NSE)]
2022-05-27 10:20:15.415  INFO 25972 --- [http-nio-auto-1-exec-1] c.e.c.controller.CompanyApiController    : getAllCompanies endpoint hit !
2022-05-27 10:20:15.471  INFO 25972 --- [http-nio-auto-1-exec-1] c.e.c.controller.CompanyApiController    : getAllCompanies Return companyList=[Company(id=70, companyCode=C001, companyName=Company Name 1, companyCEO=Gaurav CEO1, companyTurnover=25.56, companyWebsite=www.company1.com, stockExchange=NSE), Company(id=77, companyCode=C002, companyName=Company Name 2, companyCEO=Chetan CEO2, companyTurnover=28.56, companyWebsite=www.company2.com, stockExchange=NSE)]
2022-05-27 10:21:05.017  INFO 25972 --- [http-nio-auto-1-exec-2] c.e.c.controller.CompanyApiController    : getAllCompanies endpoint hit !
2022-05-27 10:21:05.073  INFO 25972 --- [http-nio-auto-1-exec-2] c.e.c.controller.CompanyApiController    : getAllCompanies Return companyList=[Company(id=70, companyCode=C001, companyName=Company Name 1, companyCEO=Gaurav CEO1, companyTurnover=25.56, companyWebsite=www.company1.com, stockExchange=NSE), Company(id=77, companyCode=C002, companyName=Company Name 2, companyCEO=Chetan CEO2, companyTurnover=28.56, companyWebsite=www.company2.com, stockExchange=NSE)]
2022-05-27 10:21:06.431  INFO 25972 --- [http-nio-auto-1-exec-3] c.e.c.controller.CompanyApiController    : getAllCompanies endpoint hit !
2022-05-27 10:21:06.487  INFO 25972 --- [http-nio-auto-1-exec-3] c.e.c.controller.CompanyApiController    : getAllCompanies Return companyList=[Company(id=70, companyCode=C001, companyName=Company Name 1, companyCEO=Gaurav CEO1, companyTurnover=25.56, companyWebsite=www.company1.com, stockExchange=NSE), Company(id=77, companyCode=C002, companyName=Company Name 2, companyCEO=Chetan CEO2, companyTurnover=28.56, companyWebsite=www.company2.com, stockExchange=NSE)]
2022-05-27 10:21:08.031  INFO 25972 --- [http-nio-auto-1-exec-4] c.e.c.controller.CompanyApiController    : getAllCompanies endpoint hit !
2022-05-27 10:21:08.087  INFO 25972 --- [http-nio-auto-1-exec-4] c.e.c.controller.CompanyApiController    : getAllCompanies Return companyList=[Company(id=70, companyCode=C001, companyName=Company Name 1, companyCEO=Gaurav CEO1, companyTurnover=25.56, companyWebsite=www.company1.com, stockExchange=NSE), Company(id=77, companyCode=C002, companyName=Company Name 2, companyCEO=Chetan CEO2, companyTurnover=28.56, companyWebsite=www.company2.com, stockExchange=NSE)]
2022-05-27 10:22:19.193  INFO 25972 --- [AsyncResolver-bootstrap-executor-0] c.n.d.s.r.aws.ConfigClusterResolver      : Resolving eureka endpoints via configuration
2022-05-27 10:22:40.771  INFO 25972 --- [http-nio-auto-1-exec-6] c.e.c.controller.CompanyApiController    : getAllCompanies endpoint hit !
2022-05-27 10:22:40.839  INFO 25972 --- [http-nio-auto-1-exec-6] c.e.c.controller.CompanyApiController    : getAllCompanies Return companyList=[Company(id=70, companyCode=C001, companyName=Company Name 1, companyCEO=Gaurav CEO1, companyTurnover=25.56, companyWebsite=www.company1.com, stockExchange=NSE), Company(id=77, companyCode=C002, companyName=Company Name 2, companyCEO=Chetan CEO2, companyTurnover=28.56, companyWebsite=www.company2.com, stockExchange=NSE)]
2022-05-27 10:22:41.652  INFO 25972 --- [http-nio-auto-1-exec-7] c.e.c.controller.CompanyApiController    : getAllCompanies endpoint hit !
2022-05-27 10:22:41.710  INFO 25972 --- [http-nio-auto-1-exec-7] c.e.c.controller.CompanyApiController    : getAllCompanies Return companyList=[Company(id=70, companyCode=C001, companyName=Company Name 1, companyCEO=Gaurav CEO1, companyTurnover=25.56, companyWebsite=www.company1.com, stockExchange=NSE), Company(id=77, companyCode=C002, companyName=Company Name 2, companyCEO=Chetan CEO2, companyTurnover=28.56, companyWebsite=www.company2.com, stockExchange=NSE)]
2022-05-27 10:23:09.561  INFO 25972 --- [http-nio-auto-1-exec-8] c.e.c.controller.CompanyApiController    : getAllCompanies endpoint hit !
2022-05-27 10:23:09.619  INFO 25972 --- [http-nio-auto-1-exec-8] c.e.c.controller.CompanyApiController    : getAllCompanies Return companyList=[Company(id=70, companyCode=C001, companyName=Company Name 1, companyCEO=Gaurav CEO1, companyTurnover=25.56, companyWebsite=www.company1.com, stockExchange=NSE), Company(id=77, companyCode=C002, companyName=Company Name 2, companyCEO=Chetan CEO2, companyTurnover=28.56, companyWebsite=www.company2.com, stockExchange=NSE)]
2022-05-27 10:23:10.096  INFO 25972 --- [http-nio-auto-1-exec-9] c.e.c.controller.CompanyApiController    : getAllCompanies endpoint hit !
2022-05-27 10:23:10.152  INFO 25972 --- [http-nio-auto-1-exec-9] c.e.c.controller.CompanyApiController    : getAllCompanies Return companyList=[Company(id=70, companyCode=C001, companyName=Company Name 1, companyCEO=Gaurav CEO1, companyTurnover=25.56, companyWebsite=www.company1.com, stockExchange=NSE), Company(id=77, companyCode=C002, companyName=Company Name 2, companyCEO=Chetan CEO2, companyTurnover=28.56, companyWebsite=www.company2.com, stockExchange=NSE)]
2022-05-27 10:24:04.802  INFO 25972 --- [http-nio-auto-1-exec-10] c.e.c.controller.CompanyApiController    : getAllCompanies endpoint hit !
2022-05-27 10:24:04.858  INFO 25972 --- [http-nio-auto-1-exec-10] c.e.c.controller.CompanyApiController    : getAllCompanies Return companyList=[Company(id=70, companyCode=C001, companyName=Company Name 1, companyCEO=Gaurav CEO1, companyTurnover=25.56, companyWebsite=www.company1.com, stockExchange=NSE), Company(id=77, companyCode=C002, companyName=Company Name 2, companyCEO=Chetan CEO2, companyTurnover=28.56, companyWebsite=www.company2.com, stockExchange=NSE)]
2022-05-27 10:24:05.245  INFO 25972 --- [http-nio-auto-1-exec-1] c.e.c.controller.CompanyApiController    : getAllCompanies endpoint hit !
2022-05-27 10:24:05.453  INFO 25972 --- [http-nio-auto-1-exec-1] c.e.c.controller.CompanyApiController    : getAllCompanies Return companyList=[Company(id=70, companyCode=C001, companyName=Company Name 1, companyCEO=Gaurav CEO1, companyTurnover=25.56, companyWebsite=www.company1.com, stockExchange=NSE), Company(id=77, companyCode=C002, companyName=Company Name 2, companyCEO=Chetan CEO2, companyTurnover=28.56, companyWebsite=www.company2.com, stockExchange=NSE)]
2022-05-27 10:24:05.475  INFO 25972 --- [http-nio-auto-1-exec-2] c.e.c.controller.CompanyApiController    : getAllCompanies endpoint hit !
2022-05-27 10:24:05.542  INFO 25972 --- [http-nio-auto-1-exec-2] c.e.c.controller.CompanyApiController    : getAllCompanies Return companyList=[Company(id=70, companyCode=C001, companyName=Company Name 1, companyCEO=Gaurav CEO1, companyTurnover=25.56, companyWebsite=www.company1.com, stockExchange=NSE), Company(id=77, companyCode=C002, companyName=Company Name 2, companyCEO=Chetan CEO2, companyTurnover=28.56, companyWebsite=www.company2.com, stockExchange=NSE)]
2022-05-27 10:27:19.204  INFO 25972 --- [AsyncResolver-bootstrap-executor-0] c.n.d.s.r.aws.ConfigClusterResolver      : Resolving eureka endpoints via configuration
2022-05-27 10:27:38.151  INFO 25972 --- [http-nio-auto-1-exec-4] c.e.c.controller.CompanyApiController    : getAllCompanies endpoint hit !
2022-05-27 10:27:38.208  INFO 25972 --- [http-nio-auto-1-exec-4] c.e.c.controller.CompanyApiController    : getAllCompanies Return companyList=[Company(id=70, companyCode=C001, companyName=Company Name 1, companyCEO=Gaurav CEO1, companyTurnover=25.56, companyWebsite=www.company1.com, stockExchange=NSE), Company(id=77, companyCode=C002, companyName=Company Name 2, companyCEO=Chetan CEO2, companyTurnover=28.56, companyWebsite=www.company2.com, stockExchange=NSE)]
2022-05-27 10:27:39.256  INFO 25972 --- [http-nio-auto-1-exec-5] c.e.c.controller.CompanyApiController    : getAllCompanies endpoint hit !
2022-05-27 10:27:39.312  INFO 25972 --- [http-nio-auto-1-exec-5] c.e.c.controller.CompanyApiController    : getAllCompanies Return companyList=[Company(id=70, companyCode=C001, companyName=Company Name 1, companyCEO=Gaurav CEO1, companyTurnover=25.56, companyWebsite=www.company1.com, stockExchange=NSE), Company(id=77, companyCode=C002, companyName=Company Name 2, companyCEO=Chetan CEO2, companyTurnover=28.56, companyWebsite=www.company2.com, stockExchange=NSE)]
2022-05-27 10:28:02.685  INFO 25972 --- [http-nio-auto-1-exec-6] c.e.c.controller.CompanyApiController    : getAllCompanies endpoint hit !
2022-05-27 10:28:02.741  INFO 25972 --- [http-nio-auto-1-exec-6] c.e.c.controller.CompanyApiController    : getAllCompanies Return companyList=[Company(id=70, companyCode=C001, companyName=Company Name 1, companyCEO=Gaurav CEO1, companyTurnover=25.56, companyWebsite=www.company1.com, stockExchange=NSE), Company(id=77, companyCode=C002, companyName=Company Name 2, companyCEO=Chetan CEO2, companyTurnover=28.56, companyWebsite=www.company2.com, stockExchange=NSE)]
2022-05-27 10:28:03.120  INFO 25972 --- [http-nio-auto-1-exec-7] c.e.c.controller.CompanyApiController    : getAllCompanies endpoint hit !
2022-05-27 10:28:03.176  INFO 25972 --- [http-nio-auto-1-exec-7] c.e.c.controller.CompanyApiController    : getAllCompanies Return companyList=[Company(id=70, companyCode=C001, companyName=Company Name 1, companyCEO=Gaurav CEO1, companyTurnover=25.56, companyWebsite=www.company1.com, stockExchange=NSE), Company(id=77, companyCode=C002, companyName=Company Name 2, companyCEO=Chetan CEO2, companyTurnover=28.56, companyWebsite=www.company2.com, stockExchange=NSE)]
2022-05-27 10:28:03.774  INFO 25972 --- [http-nio-auto-1-exec-8] c.e.c.controller.CompanyApiController    : getAllCompanies endpoint hit !
2022-05-27 10:28:03.840  INFO 25972 --- [http-nio-auto-1-exec-8] c.e.c.controller.CompanyApiController    : getAllCompanies Return companyList=[Company(id=70, companyCode=C001, companyName=Company Name 1, companyCEO=Gaurav CEO1, companyTurnover=25.56, companyWebsite=www.company1.com, stockExchange=NSE), Company(id=77, companyCode=C002, companyName=Company Name 2, companyCEO=Chetan CEO2, companyTurnover=28.56, companyWebsite=www.company2.com, stockExchange=NSE)]
2022-05-27 10:28:43.694  INFO 25972 --- [http-nio-auto-1-exec-9] c.e.c.controller.CompanyApiController    : getAllCompanies endpoint hit !
2022-05-27 10:28:43.756  INFO 25972 --- [http-nio-auto-1-exec-9] c.e.c.controller.CompanyApiController    : getAllCompanies Return companyList=[Company(id=70, companyCode=C001, companyName=Company Name 1, companyCEO=Gaurav CEO1, companyTurnover=25.56, companyWebsite=www.company1.com, stockExchange=NSE), Company(id=77, companyCode=C002, companyName=Company Name 2, companyCEO=Chetan CEO2, companyTurnover=28.56, companyWebsite=www.company2.com, stockExchange=NSE)]
2022-05-27 10:28:43.981  INFO 25972 --- [http-nio-auto-1-exec-10] c.e.c.controller.CompanyApiController    : getAllCompanies endpoint hit !
2022-05-27 10:28:44.041  INFO 25972 --- [http-nio-auto-1-exec-10] c.e.c.controller.CompanyApiController    : getAllCompanies Return companyList=[Company(id=70, companyCode=C001, companyName=Company Name 1, companyCEO=Gaurav CEO1, companyTurnover=25.56, companyWebsite=www.company1.com, stockExchange=NSE), Company(id=77, companyCode=C002, companyName=Company Name 2, companyCEO=Chetan CEO2, companyTurnover=28.56, companyWebsite=www.company2.com, stockExchange=NSE)]
2022-05-27 10:28:45.405  INFO 25972 --- [http-nio-auto-1-exec-1] c.e.c.controller.CompanyApiController    : getAllCompanies endpoint hit !
2022-05-27 10:28:45.461  INFO 25972 --- [http-nio-auto-1-exec-1] c.e.c.controller.CompanyApiController    : getAllCompanies Return companyList=[Company(id=70, companyCode=C001, companyName=Company Name 1, companyCEO=Gaurav CEO1, companyTurnover=25.56, companyWebsite=www.company1.com, stockExchange=NSE), Company(id=77, companyCode=C002, companyName=Company Name 2, companyCEO=Chetan CEO2, companyTurnover=28.56, companyWebsite=www.company2.com, stockExchange=NSE)]
2022-05-27 10:29:07.145  INFO 25972 --- [http-nio-auto-1-exec-2] c.e.c.controller.CompanyApiController    : getAllCompanies endpoint hit !
2022-05-27 10:29:07.215  INFO 25972 --- [http-nio-auto-1-exec-2] c.e.c.controller.CompanyApiController    : getAllCompanies Return companyList=[Company(id=70, companyCode=C001, companyName=Company Name 1, companyCEO=Gaurav CEO1, companyTurnover=25.56, companyWebsite=www.company1.com, stockExchange=NSE), Company(id=77, companyCode=C002, companyName=Company Name 2, companyCEO=Chetan CEO2, companyTurnover=28.56, companyWebsite=www.company2.com, stockExchange=NSE)]
2022-05-27 10:29:07.620  INFO 25972 --- [http-nio-auto-1-exec-3] c.e.c.controller.CompanyApiController    : getAllCompanies endpoint hit !
2022-05-27 10:29:07.677  INFO 25972 --- [http-nio-auto-1-exec-3] c.e.c.controller.CompanyApiController    : getAllCompanies Return companyList=[Company(id=70, companyCode=C001, companyName=Company Name 1, companyCEO=Gaurav CEO1, companyTurnover=25.56, companyWebsite=www.company1.com, stockExchange=NSE), Company(id=77, companyCode=C002, companyName=Company Name 2, companyCEO=Chetan CEO2, companyTurnover=28.56, companyWebsite=www.company2.com, stockExchange=NSE)]
2022-05-27 10:32:19.207  INFO 25972 --- [AsyncResolver-bootstrap-executor-0] c.n.d.s.r.aws.ConfigClusterResolver      : Resolving eureka endpoints via configuration
2022-05-27 10:36:17.993  INFO 25972 --- [http-nio-auto-1-exec-5] c.e.c.controller.CompanyApiController    : getAllCompanies endpoint hit !
2022-05-27 10:36:18.049  INFO 25972 --- [http-nio-auto-1-exec-5] c.e.c.controller.CompanyApiController    : getAllCompanies Return companyList=[Company(id=70, companyCode=C001, companyName=Company Name 1, companyCEO=Gaurav CEO1, companyTurnover=25.56, companyWebsite=www.company1.com, stockExchange=NSE), Company(id=77, companyCode=C002, companyName=Company Name 2, companyCEO=Chetan CEO2, companyTurnover=28.56, companyWebsite=www.company2.com, stockExchange=NSE)]
2022-05-27 10:36:18.060  INFO 25972 --- [http-nio-auto-1-exec-6] c.e.c.controller.CompanyApiController    : getAllCompanies endpoint hit !
2022-05-27 10:36:18.116  INFO 25972 --- [http-nio-auto-1-exec-6] c.e.c.controller.CompanyApiController    : getAllCompanies Return companyList=[Company(id=70, companyCode=C001, companyName=Company Name 1, companyCEO=Gaurav CEO1, companyTurnover=25.56, companyWebsite=www.company1.com, stockExchange=NSE), Company(id=77, companyCode=C002, companyName=Company Name 2, companyCEO=Chetan CEO2, companyTurnover=28.56, companyWebsite=www.company2.com, stockExchange=NSE)]
2022-05-27 10:36:52.419  INFO 25972 --- [http-nio-auto-1-exec-7] c.e.c.controller.CompanyApiController    : getAllCompanies endpoint hit !
2022-05-27 10:36:52.475  INFO 25972 --- [http-nio-auto-1-exec-7] c.e.c.controller.CompanyApiController    : getAllCompanies Return companyList=[Company(id=70, companyCode=C001, companyName=Company Name 1, companyCEO=Gaurav CEO1, companyTurnover=25.56, companyWebsite=www.company1.com, stockExchange=NSE), Company(id=77, companyCode=C002, companyName=Company Name 2, companyCEO=Chetan CEO2, companyTurnover=28.56, companyWebsite=www.company2.com, stockExchange=NSE)]
2022-05-27 10:37:19.220  INFO 25972 --- [AsyncResolver-bootstrap-executor-0] c.n.d.s.r.aws.ConfigClusterResolver      : Resolving eureka endpoints via configuration
2022-05-27 10:37:38.992  INFO 25972 --- [http-nio-auto-1-exec-8] c.e.c.controller.CompanyApiController    : getAllCompanies endpoint hit !
2022-05-27 10:37:39.049  INFO 25972 --- [http-nio-auto-1-exec-8] c.e.c.controller.CompanyApiController    : getAllCompanies Return companyList=[Company(id=70, companyCode=C001, companyName=Company Name 1, companyCEO=Gaurav CEO1, companyTurnover=25.56, companyWebsite=www.company1.com, stockExchange=NSE), Company(id=77, companyCode=C002, companyName=Company Name 2, companyCEO=Chetan CEO2, companyTurnover=28.56, companyWebsite=www.company2.com, stockExchange=NSE)]
2022-05-27 10:37:56.505  INFO 25972 --- [http-nio-auto-1-exec-9] c.e.c.controller.CompanyApiController    : getAllCompanies endpoint hit !
2022-05-27 10:37:56.567  INFO 25972 --- [http-nio-auto-1-exec-9] c.e.c.controller.CompanyApiController    : getAllCompanies Return companyList=[Company(id=70, companyCode=C001, companyName=Company Name 1, companyCEO=Gaurav CEO1, companyTurnover=25.56, companyWebsite=www.company1.com, stockExchange=NSE), Company(id=77, companyCode=C002, companyName=Company Name 2, companyCEO=Chetan CEO2, companyTurnover=28.56, companyWebsite=www.company2.com, stockExchange=NSE)]
2022-05-27 10:39:13.789  INFO 25972 --- [http-nio-auto-1-exec-1] c.e.c.controller.CompanyApiController    : getAllCompanies endpoint hit !
2022-05-27 10:39:13.850  INFO 25972 --- [http-nio-auto-1-exec-1] c.e.c.controller.CompanyApiController    : getAllCompanies Return companyList=[Company(id=70, companyCode=C001, companyName=Company Name 1, companyCEO=Gaurav CEO1, companyTurnover=25.56, companyWebsite=www.company1.com, stockExchange=NSE), Company(id=77, companyCode=C002, companyName=Company Name 2, companyCEO=Chetan CEO2, companyTurnover=28.56, companyWebsite=www.company2.com, stockExchange=NSE)]
2022-05-27 10:40:36.832  INFO 25972 --- [http-nio-auto-1-exec-3] c.e.c.controller.CompanyApiController    : getAllCompanies endpoint hit !
2022-05-27 10:40:36.889  INFO 25972 --- [http-nio-auto-1-exec-3] c.e.c.controller.CompanyApiController    : getAllCompanies Return companyList=[Company(id=70, companyCode=C001, companyName=Company Name 1, companyCEO=Gaurav CEO1, companyTurnover=25.56, companyWebsite=www.company1.com, stockExchange=NSE), Company(id=77, companyCode=C002, companyName=Company Name 2, companyCEO=Chetan CEO2, companyTurnover=28.56, companyWebsite=www.company2.com, stockExchange=NSE)]
2022-05-27 10:41:24.540  INFO 25972 --- [http-nio-auto-1-exec-4] c.e.c.controller.CompanyApiController    : getAllCompanies endpoint hit !
2022-05-27 10:41:24.596  INFO 25972 --- [http-nio-auto-1-exec-4] c.e.c.controller.CompanyApiController    : getAllCompanies Return companyList=[Company(id=70, companyCode=C001, companyName=Company Name 1, companyCEO=Gaurav CEO1, companyTurnover=25.56, companyWebsite=www.company1.com, stockExchange=NSE), Company(id=77, companyCode=C002, companyName=Company Name 2, companyCEO=Chetan CEO2, companyTurnover=28.56, companyWebsite=www.company2.com, stockExchange=NSE)]
2022-05-27 10:41:54.972  INFO 25972 --- [http-nio-auto-1-exec-5] c.e.c.controller.CompanyApiController    : getAllCompanies endpoint hit !
2022-05-27 10:41:55.029  INFO 25972 --- [http-nio-auto-1-exec-5] c.e.c.controller.CompanyApiController    : getAllCompanies Return companyList=[Company(id=70, companyCode=C001, companyName=Company Name 1, companyCEO=Gaurav CEO1, companyTurnover=25.56, companyWebsite=www.company1.com, stockExchange=NSE), Company(id=77, companyCode=C002, companyName=Company Name 2, companyCEO=Chetan CEO2, companyTurnover=28.56, companyWebsite=www.company2.com, stockExchange=NSE)]
2022-05-27 10:42:19.222  INFO 25972 --- [AsyncResolver-bootstrap-executor-0] c.n.d.s.r.aws.ConfigClusterResolver      : Resolving eureka endpoints via configuration
2022-05-27 10:42:32.517  INFO 25972 --- [http-nio-auto-1-exec-6] c.e.c.controller.CompanyApiController    : getAllCompanies endpoint hit !
2022-05-27 10:42:32.573  INFO 25972 --- [http-nio-auto-1-exec-6] c.e.c.controller.CompanyApiController    : getAllCompanies Return companyList=[Company(id=70, companyCode=C001, companyName=Company Name 1, companyCEO=Gaurav CEO1, companyTurnover=25.56, companyWebsite=www.company1.com, stockExchange=NSE), Company(id=77, companyCode=C002, companyName=Company Name 2, companyCEO=Chetan CEO2, companyTurnover=28.56, companyWebsite=www.company2.com, stockExchange=NSE)]
2022-05-27 10:43:13.580  INFO 25972 --- [http-nio-auto-1-exec-7] c.e.c.controller.CompanyApiController    : getAllCompanies endpoint hit !
2022-05-27 10:43:13.636  INFO 25972 --- [http-nio-auto-1-exec-7] c.e.c.controller.CompanyApiController    : getAllCompanies Return companyList=[Company(id=70, companyCode=C001, companyName=Company Name 1, companyCEO=Gaurav CEO1, companyTurnover=25.56, companyWebsite=www.company1.com, stockExchange=NSE), Company(id=77, companyCode=C002, companyName=Company Name 2, companyCEO=Chetan CEO2, companyTurnover=28.56, companyWebsite=www.company2.com, stockExchange=NSE)]
2022-05-27 10:43:23.590  INFO 25972 --- [http-nio-auto-1-exec-8] c.e.c.controller.CompanyApiController    : getAllCompanies endpoint hit !
2022-05-27 10:43:23.647  INFO 25972 --- [http-nio-auto-1-exec-8] c.e.c.controller.CompanyApiController    : getAllCompanies Return companyList=[Company(id=70, companyCode=C001, companyName=Company Name 1, companyCEO=Gaurav CEO1, companyTurnover=25.56, companyWebsite=www.company1.com, stockExchange=NSE), Company(id=77, companyCode=C002, companyName=Company Name 2, companyCEO=Chetan CEO2, companyTurnover=28.56, companyWebsite=www.company2.com, stockExchange=NSE)]
2022-05-27 10:43:42.149  INFO 25972 --- [http-nio-auto-1-exec-9] c.e.c.controller.CompanyApiController    : getAllCompanies endpoint hit !
2022-05-27 10:43:42.221  INFO 25972 --- [http-nio-auto-1-exec-9] c.e.c.controller.CompanyApiController    : getAllCompanies Return companyList=[Company(id=70, companyCode=C001, companyName=Company Name 1, companyCEO=Gaurav CEO1, companyTurnover=25.56, companyWebsite=www.company1.com, stockExchange=NSE), Company(id=77, companyCode=C002, companyName=Company Name 2, companyCEO=Chetan CEO2, companyTurnover=28.56, companyWebsite=www.company2.com, stockExchange=NSE)]
2022-05-27 10:44:06.449  INFO 25972 --- [http-nio-auto-1-exec-10] c.e.c.controller.CompanyApiController    : getAllCompanies endpoint hit !
2022-05-27 10:44:06.505  INFO 25972 --- [http-nio-auto-1-exec-10] c.e.c.controller.CompanyApiController    : getAllCompanies Return companyList=[Company(id=70, companyCode=C001, companyName=Company Name 1, companyCEO=Gaurav CEO1, companyTurnover=25.56, companyWebsite=www.company1.com, stockExchange=NSE), Company(id=77, companyCode=C002, companyName=Company Name 2, companyCEO=Chetan CEO2, companyTurnover=28.56, companyWebsite=www.company2.com, stockExchange=NSE)]
2022-05-27 10:44:14.764  INFO 25972 --- [http-nio-auto-1-exec-1] c.e.c.controller.CompanyApiController    : getAllCompanies endpoint hit !
2022-05-27 10:44:14.832  INFO 25972 --- [http-nio-auto-1-exec-1] c.e.c.controller.CompanyApiController    : getAllCompanies Return companyList=[Company(id=70, companyCode=C001, companyName=Company Name 1, companyCEO=Gaurav CEO1, companyTurnover=25.56, companyWebsite=www.company1.com, stockExchange=NSE), Company(id=77, companyCode=C002, companyName=Company Name 2, companyCEO=Chetan CEO2, companyTurnover=28.56, companyWebsite=www.company2.com, stockExchange=NSE)]
2022-05-27 10:44:31.123  INFO 25972 --- [http-nio-auto-1-exec-2] c.e.c.controller.CompanyApiController    : getAllCompanies endpoint hit !
2022-05-27 10:44:31.178  INFO 25972 --- [http-nio-auto-1-exec-2] c.e.c.controller.CompanyApiController    : getAllCompanies Return companyList=[Company(id=70, companyCode=C001, companyName=Company Name 1, companyCEO=Gaurav CEO1, companyTurnover=25.56, companyWebsite=www.company1.com, stockExchange=NSE), Company(id=77, companyCode=C002, companyName=Company Name 2, companyCEO=Chetan CEO2, companyTurnover=28.56, companyWebsite=www.company2.com, stockExchange=NSE)]
2022-05-27 10:45:26.855  INFO 25972 --- [http-nio-auto-1-exec-3] c.e.c.controller.CompanyApiController    : getAllCompanies endpoint hit !
2022-05-27 10:45:26.911  INFO 25972 --- [http-nio-auto-1-exec-3] c.e.c.controller.CompanyApiController    : getAllCompanies Return companyList=[Company(id=70, companyCode=C001, companyName=Company Name 1, companyCEO=Gaurav CEO1, companyTurnover=25.56, companyWebsite=www.company1.com, stockExchange=NSE), Company(id=77, companyCode=C002, companyName=Company Name 2, companyCEO=Chetan CEO2, companyTurnover=28.56, companyWebsite=www.company2.com, stockExchange=NSE)]
2022-05-27 10:45:45.279  INFO 25972 --- [http-nio-auto-1-exec-4] c.e.c.controller.CompanyApiController    : getAllCompanies endpoint hit !
2022-05-27 10:45:45.345  INFO 25972 --- [http-nio-auto-1-exec-4] c.e.c.controller.CompanyApiController    : getAllCompanies Return companyList=[Company(id=70, companyCode=C001, companyName=Company Name 1, companyCEO=Gaurav CEO1, companyTurnover=25.56, companyWebsite=www.company1.com, stockExchange=NSE), Company(id=77, companyCode=C002, companyName=Company Name 2, companyCEO=Chetan CEO2, companyTurnover=28.56, companyWebsite=www.company2.com, stockExchange=NSE)]
2022-05-27 10:45:53.469  INFO 25972 --- [http-nio-auto-1-exec-5] c.e.c.controller.CompanyApiController    : getAllCompanies endpoint hit !
2022-05-27 10:45:53.528  INFO 25972 --- [http-nio-auto-1-exec-5] c.e.c.controller.CompanyApiController    : getAllCompanies Return companyList=[Company(id=70, companyCode=C001, companyName=Company Name 1, companyCEO=Gaurav CEO1, companyTurnover=25.56, companyWebsite=www.company1.com, stockExchange=NSE), Company(id=77, companyCode=C002, companyName=Company Name 2, companyCEO=Chetan CEO2, companyTurnover=28.56, companyWebsite=www.company2.com, stockExchange=NSE)]
2022-05-27 10:46:28.355  INFO 25972 --- [http-nio-auto-1-exec-6] c.e.c.controller.CompanyApiController    : registerCompany endpoint hit with input:company=Company(id=null, companyCode=C003, companyName=Company Name 3, companyCEO=Ramesh CEO3, companyTurnover=25.56, companyWebsite=www.company3.com, stockExchange=BSE)
2022-05-27 10:46:28.355  INFO 25972 --- [http-nio-auto-1-exec-6] c.e.company.service.CompanyServicesImpl  : validateCompanyDetails: input company=Company(id=null, companyCode=C003, companyName=Company Name 3, companyCEO=Ramesh CEO3, companyTurnover=25.56, companyWebsite=www.company3.com, stockExchange=BSE)
2022-05-27 10:46:28.356  INFO 25972 --- [http-nio-auto-1-exec-6] c.e.company.service.CompanyServicesImpl  : getCompanyByCode: companyCode=C003
2022-05-27 10:46:28.624  INFO 25972 --- [http-nio-auto-1-exec-6] c.e.company.service.CompanyServicesImpl  : getCompanyByCode: company=null
2022-05-27 10:46:28.625  INFO 25972 --- [http-nio-auto-1-exec-6] c.e.c.controller.CompanyApiController    : registerCompany endpoint: company validation is a success!
2022-05-27 10:46:28.752  INFO 25972 --- [http-nio-auto-1-exec-6] c.e.c.controller.CompanyApiController    : Company Data added successfully with ID=79
2022-05-27 10:46:28.752  INFO 25972 --- [http-nio-auto-1-exec-6] c.e.c.controller.CompanyApiController    : registerCompany endpoint: sending the company data to kafka: CRUD_C!
2022-05-27 10:46:28.752  INFO 25972 --- [http-nio-auto-1-exec-6] c.e.company.service.CompanyServicesImpl  : sendToKafka: input company=Company(id=79, companyCode=C003, companyName=Company Name 3, companyCEO=Ramesh CEO3, companyTurnover=25.56, companyWebsite=www.company3.com, stockExchange=BSE), CRUD=C
2022-05-27 10:46:28.754  INFO 25972 --- [http-nio-auto-1-exec-6] c.e.company.service.CompanyServicesImpl  : sendToKafka: sending to Kafka mySqlMongoSyncTopic1Dto=MySqlMongoSyncTopic1Dto(company=Company(id=79, companyCode=C003, companyName=Company Name 3, companyCEO=Ramesh CEO3, companyTurnover=25.56, companyWebsite=www.company3.com, stockExchange=BSE), crudOps=C)
2022-05-27 10:46:28.799  INFO 25972 --- [http-nio-auto-1-exec-6] o.a.k.clients.producer.ProducerConfig    : ProducerConfig values: 
	acks = -1
	batch.size = 16384
	bootstrap.servers = [localhost:9092]
	buffer.memory = 33554432
	client.dns.lookup = use_all_dns_ips
	client.id = producer-1
	compression.type = none
	connections.max.idle.ms = 540000
	delivery.timeout.ms = 120000
	enable.idempotence = true
	interceptor.classes = []
	key.serializer = class org.apache.kafka.common.serialization.StringSerializer
	linger.ms = 0
	max.block.ms = 60000
	max.in.flight.requests.per.connection = 5
	max.request.size = 1048576
	metadata.max.age.ms = 300000
	metadata.max.idle.ms = 300000
	metric.reporters = []
	metrics.num.samples = 2
	metrics.recording.level = INFO
	metrics.sample.window.ms = 30000
	partitioner.class = class org.apache.kafka.clients.producer.internals.DefaultPartitioner
	receive.buffer.bytes = 32768
	reconnect.backoff.max.ms = 1000
	reconnect.backoff.ms = 50
	request.timeout.ms = 30000
	retries = 2147483647
	retry.backoff.ms = 100
	sasl.client.callback.handler.class = null
	sasl.jaas.config = null
	sasl.kerberos.kinit.cmd = /usr/bin/kinit
	sasl.kerberos.min.time.before.relogin = 60000
	sasl.kerberos.service.name = null
	sasl.kerberos.ticket.renew.jitter = 0.05
	sasl.kerberos.ticket.renew.window.factor = 0.8
	sasl.login.callback.handler.class = null
	sasl.login.class = null
	sasl.login.refresh.buffer.seconds = 300
	sasl.login.refresh.min.period.seconds = 60
	sasl.login.refresh.window.factor = 0.8
	sasl.login.refresh.window.jitter = 0.05
	sasl.mechanism = GSSAPI
	security.protocol = PLAINTEXT
	security.providers = null
	send.buffer.bytes = 131072
	socket.connection.setup.timeout.max.ms = 30000
	socket.connection.setup.timeout.ms = 10000
	ssl.cipher.suites = null
	ssl.enabled.protocols = [TLSv1.2, TLSv1.3]
	ssl.endpoint.identification.algorithm = https
	ssl.engine.factory.class = null
	ssl.key.password = null
	ssl.keymanager.algorithm = SunX509
	ssl.keystore.certificate.chain = null
	ssl.keystore.key = null
	ssl.keystore.location = null
	ssl.keystore.password = null
	ssl.keystore.type = JKS
	ssl.protocol = TLSv1.3
	ssl.provider = null
	ssl.secure.random.implementation = null
	ssl.trustmanager.algorithm = PKIX
	ssl.truststore.certificates = null
	ssl.truststore.location = null
	ssl.truststore.password = null
	ssl.truststore.type = JKS
	transaction.timeout.ms = 60000
	transactional.id = null
	value.serializer = class org.springframework.kafka.support.serializer.JsonSerializer

2022-05-27 10:46:28.855  INFO 25972 --- [http-nio-auto-1-exec-6] o.a.k.clients.producer.KafkaProducer     : [Producer clientId=producer-1] Instantiated an idempotent producer.
2022-05-27 10:46:28.938  INFO 25972 --- [http-nio-auto-1-exec-6] o.a.kafka.common.utils.AppInfoParser     : Kafka version: 3.0.1
2022-05-27 10:46:28.938  INFO 25972 --- [http-nio-auto-1-exec-6] o.a.kafka.common.utils.AppInfoParser     : Kafka commitId: 8e30984f43e64d8b
2022-05-27 10:46:28.939  INFO 25972 --- [http-nio-auto-1-exec-6] o.a.kafka.common.utils.AppInfoParser     : Kafka startTimeMs: 1653628588936
2022-05-27 10:46:29.469  INFO 25972 --- [kafka-producer-network-thread | producer-1] org.apache.kafka.clients.Metadata        : [Producer clientId=producer-1] Resetting the last seen epoch of partition dbSynTopicCompany-0 to 0 since the associated topicId changed from null to Ni-dHfRiTpuxQXd-0fMlMA
2022-05-27 10:46:29.472  INFO 25972 --- [kafka-producer-network-thread | producer-1] org.apache.kafka.clients.Metadata        : [Producer clientId=producer-1] Cluster ID: sVUu0fqxQb-BrekEPITbGw
2022-05-27 10:46:29.473  INFO 25972 --- [kafka-producer-network-thread | producer-1] o.a.k.c.p.internals.TransactionManager   : [Producer clientId=producer-1] ProducerId set to 10000 with epoch 0
2022-05-27 10:46:29.493  INFO 25972 --- [http-nio-auto-1-exec-6] c.e.company.service.CompanyServicesImpl  : sendToKafka: success!
2022-05-27 10:46:32.554  INFO 25972 --- [http-nio-auto-1-exec-7] c.e.c.controller.CompanyApiController    : getAllCompanies endpoint hit !
2022-05-27 10:46:32.611  INFO 25972 --- [http-nio-auto-1-exec-7] c.e.c.controller.CompanyApiController    : getAllCompanies Return companyList=[Company(id=70, companyCode=C001, companyName=Company Name 1, companyCEO=Gaurav CEO1, companyTurnover=25.56, companyWebsite=www.company1.com, stockExchange=NSE), Company(id=77, companyCode=C002, companyName=Company Name 2, companyCEO=Chetan CEO2, companyTurnover=28.56, companyWebsite=www.company2.com, stockExchange=NSE), Company(id=79, companyCode=C003, companyName=Company Name 3, companyCEO=Ramesh CEO3, companyTurnover=25.56, companyWebsite=www.company3.com, stockExchange=BSE)]
2022-05-27 10:46:54.690  INFO 25972 --- [http-nio-auto-1-exec-8] c.e.c.controller.CompanyApiController    : registerCompany endpoint hit with input:company=Company(id=null, companyCode=C004, companyName=Company Name 4, companyCEO=Vivek CEO4, companyTurnover=25.56, companyWebsite=www.company4.com, stockExchange=BSE)
2022-05-27 10:46:54.692  INFO 25972 --- [http-nio-auto-1-exec-8] c.e.company.service.CompanyServicesImpl  : validateCompanyDetails: input company=Company(id=null, companyCode=C004, companyName=Company Name 4, companyCEO=Vivek CEO4, companyTurnover=25.56, companyWebsite=www.company4.com, stockExchange=BSE)
2022-05-27 10:46:54.692  INFO 25972 --- [http-nio-auto-1-exec-8] c.e.company.service.CompanyServicesImpl  : getCompanyByCode: companyCode=C004
2022-05-27 10:46:54.695  INFO 25972 --- [http-nio-auto-1-exec-8] c.e.company.service.CompanyServicesImpl  : getCompanyByCode: company=null
2022-05-27 10:46:54.695  INFO 25972 --- [http-nio-auto-1-exec-8] c.e.c.controller.CompanyApiController    : registerCompany endpoint: company validation is a success!
2022-05-27 10:46:54.704  INFO 25972 --- [http-nio-auto-1-exec-8] c.e.c.controller.CompanyApiController    : Company Data added successfully with ID=80
2022-05-27 10:46:54.704  INFO 25972 --- [http-nio-auto-1-exec-8] c.e.c.controller.CompanyApiController    : registerCompany endpoint: sending the company data to kafka: CRUD_C!
2022-05-27 10:46:54.704  INFO 25972 --- [http-nio-auto-1-exec-8] c.e.company.service.CompanyServicesImpl  : sendToKafka: input company=Company(id=80, companyCode=C004, companyName=Company Name 4, companyCEO=Vivek CEO4, companyTurnover=25.56, companyWebsite=www.company4.com, stockExchange=BSE), CRUD=C
2022-05-27 10:46:54.704  INFO 25972 --- [http-nio-auto-1-exec-8] c.e.company.service.CompanyServicesImpl  : sendToKafka: sending to Kafka mySqlMongoSyncTopic1Dto=MySqlMongoSyncTopic1Dto(company=Company(id=80, companyCode=C004, companyName=Company Name 4, companyCEO=Vivek CEO4, companyTurnover=25.56, companyWebsite=www.company4.com, stockExchange=BSE), crudOps=C)
2022-05-27 10:46:54.704  INFO 25972 --- [http-nio-auto-1-exec-8] c.e.company.service.CompanyServicesImpl  : sendToKafka: success!
2022-05-27 10:46:57.356  INFO 25972 --- [http-nio-auto-1-exec-9] c.e.c.controller.CompanyApiController    : getAllCompanies endpoint hit !
2022-05-27 10:46:57.414  INFO 25972 --- [http-nio-auto-1-exec-9] c.e.c.controller.CompanyApiController    : getAllCompanies Return companyList=[Company(id=70, companyCode=C001, companyName=Company Name 1, companyCEO=Gaurav CEO1, companyTurnover=25.56, companyWebsite=www.company1.com, stockExchange=NSE), Company(id=77, companyCode=C002, companyName=Company Name 2, companyCEO=Chetan CEO2, companyTurnover=28.56, companyWebsite=www.company2.com, stockExchange=NSE), Company(id=79, companyCode=C003, companyName=Company Name 3, companyCEO=Ramesh CEO3, companyTurnover=25.56, companyWebsite=www.company3.com, stockExchange=BSE), Company(id=80, companyCode=C004, companyName=Company Name 4, companyCEO=Vivek CEO4, companyTurnover=25.56, companyWebsite=www.company4.com, stockExchange=BSE)]
2022-05-27 10:47:19.223  INFO 25972 --- [AsyncResolver-bootstrap-executor-0] c.n.d.s.r.aws.ConfigClusterResolver      : Resolving eureka endpoints via configuration
